<?xml version="1.0" encoding="UTF-8"?>
<coverage generated="1681733225202" clover="3.2.0">
  <project timestamp="1681733225203" name="All files">
    <metrics statements="105" coveredstatements="88" conditionals="343" coveredconditionals="182" methods="34" coveredmethods="21" elements="482" coveredelements="291" complexity="0" loc="105" ncloc="105" packages="5" files="9" classes="9"/>
    <package name="components">
      <metrics statements="9" coveredstatements="9" conditionals="0" coveredconditionals="0" methods="2" coveredmethods="2"/>
      <file name="EmptyListMessage.tsx" path="C:\Users\dani_\Desktop\Dani\desarrollo\project\chili_test\theMoviesLibrary\src\components\EmptyListMessage.tsx">
        <metrics statements="5" coveredstatements="5" conditionals="0" coveredconditionals="0" methods="1" coveredmethods="1"/>
        <line num="1" count="1" type="stmt"/>
        <line num="2" count="1" type="stmt"/>
        <line num="5" count="1" type="stmt"/>
        <line num="6" count="1" type="stmt"/>
        <line num="14" count="1" type="stmt"/>
      </file>
      <file name="Spinner.tsx" path="C:\Users\dani_\Desktop\Dani\desarrollo\project\chili_test\theMoviesLibrary\src\components\Spinner.tsx">
        <metrics statements="4" coveredstatements="4" conditionals="0" coveredconditionals="0" methods="1" coveredmethods="1"/>
        <line num="1" count="2" type="stmt"/>
        <line num="3" count="2" type="stmt"/>
        <line num="4" count="1" type="stmt"/>
        <line num="9" count="2" type="stmt"/>
      </file>
    </package>
    <package name="components.movieDetail">
      <metrics statements="18" coveredstatements="17" conditionals="78" coveredconditionals="22" methods="4" coveredmethods="3"/>
      <file name="Banner.tsx" path="C:\Users\dani_\Desktop\Dani\desarrollo\project\chili_test\theMoviesLibrary\src\components\movieDetail\Banner.tsx">
        <metrics statements="12" coveredstatements="12" conditionals="22" coveredconditionals="18" methods="2" coveredmethods="2"/>
        <line num="1" count="1" type="stmt"/>
        <line num="2" count="1" type="stmt"/>
        <line num="3" count="1" type="stmt"/>
        <line num="4" count="1" type="stmt"/>
        <line num="5" count="1" type="stmt"/>
        <line num="6" count="1" type="stmt"/>
        <line num="7" count="1" type="stmt"/>
        <line num="14" count="1" type="stmt"/>
        <line num="27" count="1" type="stmt"/>
        <line num="29" count="3" type="stmt"/>
        <line num="41" count="1" type="stmt"/>
        <line num="50" count="1" type="stmt"/>
      </file>
      <file name="CastTable.tsx" path="C:\Users\dani_\Desktop\Dani\desarrollo\project\chili_test\theMoviesLibrary\src\components\movieDetail\CastTable.tsx">
        <metrics statements="6" coveredstatements="5" conditionals="56" coveredconditionals="4" methods="2" coveredmethods="1"/>
        <line num="1" count="1" type="stmt"/>
        <line num="2" count="1" type="stmt"/>
        <line num="8" count="1" type="stmt"/>
        <line num="10" count="3" type="stmt"/>
        <line num="23" count="0" type="cond" truecount="0" falsecount="4"/>
        <line num="42" count="1" type="stmt"/>
      </file>
    </package>
    <package name="features.movies">
      <metrics statements="46" coveredstatements="33" conditionals="94" coveredconditionals="72" methods="19" coveredmethods="9"/>
      <file name="MovieCard.tsx" path="C:\Users\dani_\Desktop\Dani\desarrollo\project\chili_test\theMoviesLibrary\src\features\movies\MovieCard.tsx">
        <metrics statements="9" coveredstatements="8" conditionals="4" coveredconditionals="3" methods="2" coveredmethods="1"/>
        <line num="1" count="1" type="stmt"/>
        <line num="2" count="1" type="stmt"/>
        <line num="3" count="1" type="stmt"/>
        <line num="14" count="1" type="stmt"/>
        <line num="23" count="2" type="stmt"/>
        <line num="25" count="2" type="stmt"/>
        <line num="26" count="0" type="stmt"/>
        <line num="29" count="2" type="stmt"/>
        <line num="62" count="1" type="stmt"/>
      </file>
      <file name="MoviesList.tsx" path="C:\Users\dani_\Desktop\Dani\desarrollo\project\chili_test\theMoviesLibrary\src\features\movies\MoviesList.tsx">
        <metrics statements="13" coveredstatements="13" conditionals="90" coveredconditionals="69" methods="9" coveredmethods="6"/>
        <line num="1" count="1" type="stmt"/>
        <line num="2" count="1" type="stmt"/>
        <line num="3" count="1" type="stmt"/>
        <line num="4" count="1" type="stmt"/>
        <line num="5" count="1" type="stmt"/>
        <line num="8" count="1" type="stmt"/>
        <line num="11" count="3" type="stmt"/>
        <line num="12" count="3" type="stmt"/>
        <line num="14" count="3" type="stmt"/>
        <line num="16" count="3" type="stmt"/>
        <line num="23" count="2" type="cond" truecount="6" falsecount="2"/>
        <line num="39" count="1" type="stmt"/>
        <line num="40" count="3" type="cond" truecount="2" falsecount="0"/>
      </file>
      <file name="moviesSlice.tsx" path="C:\Users\dani_\Desktop\Dani\desarrollo\project\chili_test\theMoviesLibrary\src\features\movies\moviesSlice.tsx">
        <metrics statements="24" coveredstatements="12" conditionals="0" coveredconditionals="0" methods="8" coveredmethods="2"/>
        <line num="1" count="1" type="stmt"/>
        <line num="2" count="1" type="stmt"/>
        <line num="16" count="1" type="stmt"/>
        <line num="23" count="1" type="stmt"/>
        <line num="24" count="0" type="stmt"/>
        <line num="25" count="0" type="stmt"/>
        <line num="26" count="0" type="stmt"/>
        <line num="27" count="0" type="stmt"/>
        <line num="29" count="0" type="stmt"/>
        <line num="33" count="4" type="stmt"/>
        <line num="34" count="4" type="stmt"/>
        <line num="35" count="4" type="stmt"/>
        <line num="36" count="4" type="stmt"/>
        <line num="37" count="1" type="stmt"/>
        <line num="39" count="0" type="stmt"/>
        <line num="43" count="1" type="stmt"/>
        <line num="48" count="0" type="stmt"/>
        <line num="52" count="0" type="stmt"/>
        <line num="53" count="0" type="stmt"/>
        <line num="55" count="0" type="stmt"/>
        <line num="56" count="0" type="stmt"/>
        <line num="57" count="0" type="stmt"/>
        <line num="62" count="1" type="stmt"/>
        <line num="63" count="1" type="stmt"/>
      </file>
    </package>
    <package name="features.spinner">
      <metrics statements="6" coveredstatements="5" conditionals="0" coveredconditionals="0" methods="1" coveredmethods="0"/>
      <file name="spinnerSlice.tsx" path="C:\Users\dani_\Desktop\Dani\desarrollo\project\chili_test\theMoviesLibrary\src\features\spinner\spinnerSlice.tsx">
        <metrics statements="6" coveredstatements="5" conditionals="0" coveredconditionals="0" methods="1" coveredmethods="0"/>
        <line num="1" count="1" type="stmt"/>
        <line num="7" count="1" type="stmt"/>
        <line num="11" count="1" type="stmt"/>
        <line num="16" count="0" type="stmt"/>
        <line num="21" count="1" type="stmt"/>
        <line num="22" count="1" type="stmt"/>
      </file>
    </package>
    <package name="views">
      <metrics statements="26" coveredstatements="24" conditionals="171" coveredconditionals="88" methods="8" coveredmethods="7"/>
      <file name="MovieDetail.tsx" path="C:\Users\dani_\Desktop\Dani\desarrollo\project\chili_test\theMoviesLibrary\src\views\MovieDetail.tsx">
        <metrics statements="26" coveredstatements="24" conditionals="171" coveredconditionals="88" methods="8" coveredmethods="7"/>
        <line num="1" count="1" type="stmt"/>
        <line num="2" count="1" type="stmt"/>
        <line num="3" count="1" type="stmt"/>
        <line num="4" count="1" type="stmt"/>
        <line num="5" count="1" type="stmt"/>
        <line num="8" count="1" type="stmt"/>
        <line num="9" count="1" type="stmt"/>
        <line num="10" count="1" type="stmt"/>
        <line num="12" count="1" type="stmt"/>
        <line num="13" count="1" type="stmt"/>
        <line num="15" count="1" type="stmt"/>
        <line num="17" count="4" type="stmt"/>
        <line num="20" count="3" type="stmt"/>
        <line num="21" count="3" type="stmt"/>
        <line num="22" count="3" type="stmt"/>
        <line num="24" count="3" type="stmt"/>
        <line num="26" count="3" type="stmt"/>
        <line num="27" count="3" type="stmt"/>
        <line num="29" count="0" type="stmt"/>
        <line num="32" count="3" type="stmt"/>
        <line num="33" count="3" type="stmt"/>
        <line num="36" count="3" type="stmt"/>
        <line num="38" count="3" type="stmt"/>
        <line num="48" count="1" type="stmt"/>
        <line num="92" count="0" type="stmt"/>
        <line num="126" count="1" type="stmt"/>
      </file>
    </package>
  </project>
</coverage>
