{"C:\\Users\\dani_\\Desktop\\Dani\\desarrollo\\project\\chili_test\\theMoviesLibrary\\src\\components\\EmptyListMessage.tsx": {"path":"C:\\Users\\dani_\\Desktop\\Dani\\desarrollo\\project\\chili_test\\theMoviesLibrary\\src\\components\\EmptyListMessage.tsx","statementMap":{"0":{"start":{"line":1,"column":0},"end":{"line":1,"column":33}},"1":{"start":{"line":2,"column":0},"end":{"line":2,"column":52}},"2":{"start":{"line":5,"column":28},"end":{"line":12,"column":1}},"3":{"start":{"line":6,"column":2},"end":{"line":11,"column":null}},"4":{"start":{"line":14,"column":0},"end":{"line":14,"column":null}}},"fnMap":{"0":{"name":"(anonymous_1)","decl":{"start":{"line":5,"column":28},"end":{"line":5,"column":31}},"loc":{"start":{"line":5,"column":33},"end":{"line":12,"column":1}}}},"branchMap":{},"s":{"0":1,"1":1,"2":1,"3":1,"4":1},"f":{"0":1},"b":{}}
,"C:\\Users\\dani_\\Desktop\\Dani\\desarrollo\\project\\chili_test\\theMoviesLibrary\\src\\components\\Spinner.tsx": {"path":"C:\\Users\\dani_\\Desktop\\Dani\\desarrollo\\project\\chili_test\\theMoviesLibrary\\src\\components\\Spinner.tsx","statementMap":{"0":{"start":{"line":1,"column":0},"end":{"line":1,"column":25}},"1":{"start":{"line":3,"column":16},"end":{"line":7,"column":1}},"2":{"start":{"line":4,"column":2},"end":{"line":6,"column":null}},"3":{"start":{"line":9,"column":0},"end":{"line":9,"column":null}}},"fnMap":{"0":{"name":"(anonymous_1)","decl":{"start":{"line":3,"column":16},"end":{"line":3,"column":19}},"loc":{"start":{"line":3,"column":21},"end":{"line":7,"column":1}}}},"branchMap":{},"s":{"0":2,"1":2,"2":1,"3":2},"f":{"0":1},"b":{}}
,"C:\\Users\\dani_\\Desktop\\Dani\\desarrollo\\project\\chili_test\\theMoviesLibrary\\src\\components\\movieDetail\\Banner.tsx": {"path":"C:\\Users\\dani_\\Desktop\\Dani\\desarrollo\\project\\chili_test\\theMoviesLibrary\\src\\components\\movieDetail\\Banner.tsx","statementMap":{"0":{"start":{"line":1,"column":0},"end":{"line":1,"column":34}},"1":{"start":{"line":2,"column":0},"end":{"line":2,"column":33}},"2":{"start":{"line":3,"column":0},"end":{"line":3,"column":40}},"3":{"start":{"line":4,"column":0},"end":{"line":4,"column":46}},"4":{"start":{"line":5,"column":0},"end":{"line":5,"column":40}},"5":{"start":{"line":6,"column":0},"end":{"line":6,"column":68}},"6":{"start":{"line":7,"column":0},"end":{"line":7,"column":57}},"7":{"start":{"line":14,"column":17},"end":{"line":25,"column":2}},"8":{"start":{"line":27,"column":32},"end":{"line":48,"column":1}},"9":{"start":{"line":29,"column":2},"end":{"line":47,"column":4}},"10":{"start":{"line":41,"column":44},"end":{"line":43,"column":12}},"11":{"start":{"line":50,"column":0},"end":{"line":50,"column":22}}},"fnMap":{"0":{"name":"(anonymous_1)","decl":{"start":{"line":27,"column":32},"end":{"line":27,"column":33}},"loc":{"start":{"line":27,"column":53},"end":{"line":48,"column":1}}},"1":{"name":"(anonymous_2)","decl":{"start":{"line":41,"column":28},"end":{"line":41,"column":29}},"loc":{"start":{"line":41,"column":43},"end":{"line":43,"column":12}}}},"branchMap":{"0":{"loc":{"start":{"line":39,"column":7},"end":{"line":45,"column":96}},"type":"cond-expr","locations":[{"start":{"line":40,"column":8},"end":{"line":43,"column":null}},{"start":{"line":45,"column":9},"end":{"line":45,"column":95}}]},"1":{"loc":{"start":{"line":39,"column":7},"end":{"line":39,"column":27}},"type":"cond-expr","locations":[{"start":{"line":39,"column":19},"end":{"line":39,"column":21}},{"start":{"line":39,"column":7},"end":{"line":39,"column":27}}]},"2":{"loc":{"start":{"line":39,"column":7},"end":{"line":39,"column":21}},"type":"binary-expr","locations":[{"start":{"line":39,"column":7},"end":{"line":39,"column":21}},{"start":{"line":39,"column":7},"end":{"line":39,"column":21}}]},"3":{"loc":{"start":{"line":42,"column":22},"end":{"line":42,"column":38}},"type":"cond-expr","locations":[{"start":{"line":42,"column":34},"end":{"line":42,"column":36}},{"start":{"line":42,"column":22},"end":{"line":42,"column":38}}]},"4":{"loc":{"start":{"line":42,"column":22},"end":{"line":42,"column":36}},"type":"binary-expr","locations":[{"start":{"line":42,"column":22},"end":{"line":42,"column":36}},{"start":{"line":42,"column":22},"end":{"line":42,"column":36}}]},"5":{"loc":{"start":{"line":42,"column":70},"end":{"line":42,"column":103}},"type":"cond-expr","locations":[{"start":{"line":42,"column":98},"end":{"line":42,"column":100}},{"start":{"line":42,"column":98},"end":{"line":42,"column":103}}]},"6":{"loc":{"start":{"line":42,"column":70},"end":{"line":42,"column":100}},"type":"binary-expr","locations":[{"start":{"line":42,"column":70},"end":{"line":42,"column":100}},{"start":{"line":42,"column":98},"end":{"line":42,"column":100}}]},"7":{"loc":{"start":{"line":42,"column":70},"end":{"line":42,"column":98}},"type":"cond-expr","locations":[{"start":{"line":42,"column":88},"end":{"line":42,"column":90}},{"start":{"line":42,"column":88},"end":{"line":42,"column":98}}]},"8":{"loc":{"start":{"line":42,"column":70},"end":{"line":42,"column":90}},"type":"binary-expr","locations":[{"start":{"line":42,"column":70},"end":{"line":42,"column":90}},{"start":{"line":42,"column":88},"end":{"line":42,"column":90}}]},"9":{"loc":{"start":{"line":42,"column":70},"end":{"line":42,"column":88}},"type":"cond-expr","locations":[{"start":{"line":42,"column":75},"end":{"line":42,"column":77}},{"start":{"line":42,"column":70},"end":{"line":42,"column":88}}]},"10":{"loc":{"start":{"line":42,"column":70},"end":{"line":42,"column":77}},"type":"binary-expr","locations":[{"start":{"line":42,"column":70},"end":{"line":42,"column":77}},{"start":{"line":42,"column":70},"end":{"line":42,"column":77}}]}},"s":{"0":1,"1":1,"2":1,"3":1,"4":1,"5":1,"6":1,"7":1,"8":1,"9":3,"10":1,"11":1},"f":{"0":3,"1":1},"b":{"0":[1,2],"1":[2,1],"2":[3,3],"3":[0,1],"4":[1,1],"5":[1,0],"6":[1,1],"7":[1,0],"8":[1,1],"9":[0,1],"10":[1,1]}}
,"C:\\Users\\dani_\\Desktop\\Dani\\desarrollo\\project\\chili_test\\theMoviesLibrary\\src\\components\\movieDetail\\CastTable.tsx": {"path":"C:\\Users\\dani_\\Desktop\\Dani\\desarrollo\\project\\chili_test\\theMoviesLibrary\\src\\components\\movieDetail\\CastTable.tsx","statementMap":{"0":{"start":{"line":1,"column":0},"end":{"line":1,"column":35}},"1":{"start":{"line":2,"column":0},"end":{"line":2,"column":68}},"2":{"start":{"line":8,"column":38},"end":{"line":40,"column":1}},"3":{"start":{"line":10,"column":2},"end":{"line":39,"column":4}},"4":{"start":{"line":23,"column":42},"end":{"line":33,"column":14}},"5":{"start":{"line":42,"column":0},"end":{"line":42,"column":25}}},"fnMap":{"0":{"name":"(anonymous_1)","decl":{"start":{"line":8,"column":38},"end":{"line":8,"column":39}},"loc":{"start":{"line":8,"column":55},"end":{"line":40,"column":1}}},"1":{"name":"(anonymous_2)","decl":{"start":{"line":23,"column":27},"end":{"line":23,"column":28}},"loc":{"start":{"line":23,"column":41},"end":{"line":33,"column":14}}}},"branchMap":{"0":{"loc":{"start":{"line":13,"column":7},"end":{"line":36,"column":73}},"type":"cond-expr","locations":[{"start":{"line":14,"column":8},"end":{"line":34,"column":null}},{"start":{"line":36,"column":8},"end":{"line":36,"column":73}}]},"1":{"loc":{"start":{"line":13,"column":7},"end":{"line":13,"column":23}},"type":"cond-expr","locations":[{"start":{"line":13,"column":15},"end":{"line":13,"column":17}},{"start":{"line":13,"column":7},"end":{"line":13,"column":23}}]},"2":{"loc":{"start":{"line":13,"column":7},"end":{"line":13,"column":17}},"type":"binary-expr","locations":[{"start":{"line":13,"column":7},"end":{"line":13,"column":17}},{"start":{"line":13,"column":7},"end":{"line":13,"column":17}}]},"3":{"loc":{"start":{"line":23,"column":13},"end":{"line":33,"column":14}},"type":"cond-expr","locations":[{"start":{"line":23,"column":21},"end":{"line":23,"column":23}},{"start":{"line":23,"column":13},"end":{"line":33,"column":14}}]},"4":{"loc":{"start":{"line":23,"column":13},"end":{"line":23,"column":23}},"type":"binary-expr","locations":[{"start":{"line":23,"column":13},"end":{"line":23,"column":23}},{"start":{"line":23,"column":13},"end":{"line":23,"column":23}}]},"5":{"loc":{"start":{"line":24,"column":53},"end":{"line":24,"column":72}},"type":"cond-expr","locations":[{"start":{"line":24,"column":68},"end":{"line":24,"column":70}},{"start":{"line":24,"column":68},"end":{"line":24,"column":72}}]},"6":{"loc":{"start":{"line":24,"column":53},"end":{"line":24,"column":70}},"type":"binary-expr","locations":[{"start":{"line":24,"column":53},"end":{"line":24,"column":70}},{"start":{"line":24,"column":68},"end":{"line":24,"column":70}}]},"7":{"loc":{"start":{"line":24,"column":53},"end":{"line":24,"column":68}},"type":"cond-expr","locations":[{"start":{"line":24,"column":57},"end":{"line":24,"column":59}},{"start":{"line":24,"column":53},"end":{"line":24,"column":68}}]},"8":{"loc":{"start":{"line":24,"column":53},"end":{"line":24,"column":59}},"type":"binary-expr","locations":[{"start":{"line":24,"column":53},"end":{"line":24,"column":59}},{"start":{"line":24,"column":53},"end":{"line":24,"column":59}}]},"9":{"loc":{"start":{"line":27,"column":90},"end":{"line":27,"column":140}},"type":"binary-expr","locations":[{"start":{"line":27,"column":90},"end":{"line":27,"column":119}},{"start":{"line":27,"column":123},"end":{"line":27,"column":140}}]},"10":{"loc":{"start":{"line":27,"column":90},"end":{"line":27,"column":119}},"type":"cond-expr","locations":[{"start":{"line":27,"column":109},"end":{"line":27,"column":111}},{"start":{"line":27,"column":109},"end":{"line":27,"column":119}}]},"11":{"loc":{"start":{"line":27,"column":90},"end":{"line":27,"column":111}},"type":"binary-expr","locations":[{"start":{"line":27,"column":90},"end":{"line":27,"column":111}},{"start":{"line":27,"column":109},"end":{"line":27,"column":111}}]},"12":{"loc":{"start":{"line":27,"column":90},"end":{"line":27,"column":109}},"type":"cond-expr","locations":[{"start":{"line":27,"column":102},"end":{"line":27,"column":104}},{"start":{"line":27,"column":102},"end":{"line":27,"column":109}}]},"13":{"loc":{"start":{"line":27,"column":90},"end":{"line":27,"column":104}},"type":"binary-expr","locations":[{"start":{"line":27,"column":90},"end":{"line":27,"column":104}},{"start":{"line":27,"column":102},"end":{"line":27,"column":104}}]},"14":{"loc":{"start":{"line":27,"column":90},"end":{"line":27,"column":102}},"type":"cond-expr","locations":[{"start":{"line":27,"column":94},"end":{"line":27,"column":96}},{"start":{"line":27,"column":90},"end":{"line":27,"column":102}}]},"15":{"loc":{"start":{"line":27,"column":90},"end":{"line":27,"column":96}},"type":"binary-expr","locations":[{"start":{"line":27,"column":90},"end":{"line":27,"column":96}},{"start":{"line":27,"column":90},"end":{"line":27,"column":96}}]},"16":{"loc":{"start":{"line":27,"column":147},"end":{"line":27,"column":165}},"type":"cond-expr","locations":[{"start":{"line":27,"column":159},"end":{"line":27,"column":161}},{"start":{"line":27,"column":159},"end":{"line":27,"column":165}}]},"17":{"loc":{"start":{"line":27,"column":147},"end":{"line":27,"column":161}},"type":"binary-expr","locations":[{"start":{"line":27,"column":147},"end":{"line":27,"column":161}},{"start":{"line":27,"column":159},"end":{"line":27,"column":161}}]},"18":{"loc":{"start":{"line":27,"column":147},"end":{"line":27,"column":159}},"type":"cond-expr","locations":[{"start":{"line":27,"column":151},"end":{"line":27,"column":153}},{"start":{"line":27,"column":147},"end":{"line":27,"column":159}}]},"19":{"loc":{"start":{"line":27,"column":147},"end":{"line":27,"column":153}},"type":"binary-expr","locations":[{"start":{"line":27,"column":147},"end":{"line":27,"column":153}},{"start":{"line":27,"column":147},"end":{"line":27,"column":153}}]},"20":{"loc":{"start":{"line":30,"column":51},"end":{"line":30,"column":69}},"type":"cond-expr","locations":[{"start":{"line":30,"column":63},"end":{"line":30,"column":65}},{"start":{"line":30,"column":63},"end":{"line":30,"column":69}}]},"21":{"loc":{"start":{"line":30,"column":51},"end":{"line":30,"column":65}},"type":"binary-expr","locations":[{"start":{"line":30,"column":51},"end":{"line":30,"column":65}},{"start":{"line":30,"column":63},"end":{"line":30,"column":65}}]},"22":{"loc":{"start":{"line":30,"column":51},"end":{"line":30,"column":63}},"type":"cond-expr","locations":[{"start":{"line":30,"column":55},"end":{"line":30,"column":57}},{"start":{"line":30,"column":51},"end":{"line":30,"column":63}}]},"23":{"loc":{"start":{"line":30,"column":51},"end":{"line":30,"column":57}},"type":"binary-expr","locations":[{"start":{"line":30,"column":51},"end":{"line":30,"column":57}},{"start":{"line":30,"column":51},"end":{"line":30,"column":57}}]},"24":{"loc":{"start":{"line":31,"column":51},"end":{"line":31,"column":72}},"type":"cond-expr","locations":[{"start":{"line":31,"column":66},"end":{"line":31,"column":68}},{"start":{"line":31,"column":66},"end":{"line":31,"column":72}}]},"25":{"loc":{"start":{"line":31,"column":51},"end":{"line":31,"column":68}},"type":"binary-expr","locations":[{"start":{"line":31,"column":51},"end":{"line":31,"column":68}},{"start":{"line":31,"column":66},"end":{"line":31,"column":68}}]},"26":{"loc":{"start":{"line":31,"column":51},"end":{"line":31,"column":66}},"type":"cond-expr","locations":[{"start":{"line":31,"column":55},"end":{"line":31,"column":57}},{"start":{"line":31,"column":51},"end":{"line":31,"column":66}}]},"27":{"loc":{"start":{"line":31,"column":51},"end":{"line":31,"column":57}},"type":"binary-expr","locations":[{"start":{"line":31,"column":51},"end":{"line":31,"column":57}},{"start":{"line":31,"column":51},"end":{"line":31,"column":57}}]}},"s":{"0":1,"1":1,"2":1,"3":3,"4":0,"5":1},"f":{"0":3,"1":0},"b":{"0":[0,3],"1":[3,0],"2":[3,3],"3":[0,0],"4":[0,0],"5":[0,0],"6":[0,0],"7":[0,0],"8":[0,0],"9":[0,0],"10":[0,0],"11":[0,0],"12":[0,0],"13":[0,0],"14":[0,0],"15":[0,0],"16":[0,0],"17":[0,0],"18":[0,0],"19":[0,0],"20":[0,0],"21":[0,0],"22":[0,0],"23":[0,0],"24":[0,0],"25":[0,0],"26":[0,0],"27":[0,0]}}
,"C:\\Users\\dani_\\Desktop\\Dani\\desarrollo\\project\\chili_test\\theMoviesLibrary\\src\\features\\movies\\MovieCard.tsx": {"path":"C:\\Users\\dani_\\Desktop\\Dani\\desarrollo\\project\\chili_test\\theMoviesLibrary\\src\\features\\movies\\MovieCard.tsx","statementMap":{"0":{"start":{"line":1,"column":0},"end":{"line":1,"column":44}},"1":{"start":{"line":2,"column":0},"end":{"line":2,"column":40}},"2":{"start":{"line":3,"column":0},"end":{"line":3,"column":65}},"3":{"start":{"line":14,"column":38},"end":{"line":60,"column":1}},"4":{"start":{"line":23,"column":40},"end":{"line":23,"column":55}},"5":{"start":{"line":25,"column":28},"end":{"line":27,"column":3}},"6":{"start":{"line":26,"column":4},"end":{"line":26,"column":25}},"7":{"start":{"line":29,"column":2},"end":{"line":59,"column":4}},"8":{"start":{"line":62,"column":0},"end":{"line":62,"column":25}}},"fnMap":{"0":{"name":"(anonymous_7)","decl":{"start":{"line":14,"column":38},"end":{"line":14,"column":39}},"loc":{"start":{"line":21,"column":5},"end":{"line":60,"column":1}}},"1":{"name":"(anonymous_8)","decl":{"start":{"line":25,"column":28},"end":{"line":25,"column":31}},"loc":{"start":{"line":25,"column":33},"end":{"line":27,"column":3}}}},"branchMap":{"0":{"loc":{"start":{"line":33,"column":11},"end":{"line":39,"column":null}},"type":"binary-expr","locations":[{"start":{"line":33,"column":11},"end":{"line":33,"column":23}},{"start":{"line":34,"column":12},"end":{"line":38,"column":null}}]},"1":{"loc":{"start":{"line":46,"column":30},"end":{"line":46,"column":67}},"type":"cond-expr","locations":[{"start":{"line":46,"column":44},"end":{"line":46,"column":58}},{"start":{"line":46,"column":61},"end":{"line":46,"column":67}}]}},"s":{"0":1,"1":1,"2":1,"3":1,"4":2,"5":2,"6":0,"7":2,"8":1},"f":{"0":2,"1":0},"b":{"0":[2,2],"1":[0,2]}}
,"C:\\Users\\dani_\\Desktop\\Dani\\desarrollo\\project\\chili_test\\theMoviesLibrary\\src\\features\\movies\\MoviesList.tsx": {"path":"C:\\Users\\dani_\\Desktop\\Dani\\desarrollo\\project\\chili_test\\theMoviesLibrary\\src\\features\\movies\\MoviesList.tsx","statementMap":{"0":{"start":{"line":1,"column":0},"end":{"line":1,"column":34}},"1":{"start":{"line":2,"column":0},"end":{"line":2,"column":42}},"2":{"start":{"line":3,"column":0},"end":{"line":3,"column":36}},"3":{"start":{"line":4,"column":0},"end":{"line":4,"column":65}},"4":{"start":{"line":5,"column":0},"end":{"line":5,"column":47}},"5":{"start":{"line":8,"column":23},"end":{"line":37,"column":1}},"6":{"start":{"line":11,"column":22},"end":{"line":11,"column":69}},"7":{"start":{"line":11,"column":56},"end":{"line":11,"column":68}},"8":{"start":{"line":12,"column":23},"end":{"line":12,"column":71}},"9":{"start":{"line":12,"column":57},"end":{"line":12,"column":70}},"10":{"start":{"line":14,"column":22},"end":{"line":14,"column":null}},"11":{"start":{"line":16,"column":2},"end":{"line":36,"column":4}},"12":{"start":{"line":23,"column":55},"end":{"line":33,"column":10}},"13":{"start":{"line":39,"column":0},"end":{"line":39,"column":26}},"14":{"start":{"line":40,"column":38},"end":{"line":40,"column":36894}},"15":{"start":{"line":40,"column":42},"end":{"line":40,"column":36883}},"16":{"start":{"line":40,"column":36932},"end":{"line":40,"column":36972}},"17":{"start":{"line":40,"column":36936},"end":{"line":40,"column":36961}},"18":{"start":{"line":40,"column":36973},"end":{"line":40,"column":36982}},"19":{"start":{"line":40,"column":36983},"end":{"line":40,"column":36989}},"20":{"start":{"line":40,"column":37025},"end":{"line":40,"column":37067}},"21":{"start":{"line":40,"column":37029},"end":{"line":40,"column":37056}},"22":{"start":{"line":40,"column":37068},"end":{"line":40,"column":37077}},"23":{"start":{"line":40,"column":37078},"end":{"line":40,"column":37084}},"24":{"start":{"line":40,"column":37101},"end":{"line":40,"column":37138}},"25":{"start":{"line":40,"column":37105},"end":{"line":40,"column":37127}},"26":{"start":{"line":40,"column":37140},"end":{"line":40,"column":37146}},"27":{"start":{"line":40,"column":37163},"end":{"line":40,"column":37203}},"28":{"start":{"line":40,"column":37167},"end":{"line":40,"column":37192}},"29":{"start":{"line":40,"column":37205},"end":{"line":40,"column":37211}}},"fnMap":{"0":{"name":"(anonymous_1)","decl":{"start":{"line":8,"column":23},"end":{"line":8,"column":26}},"loc":{"start":{"line":8,"column":28},"end":{"line":37,"column":1}}},"1":{"name":"(anonymous_2)","decl":{"start":{"line":11,"column":34},"end":{"line":11,"column":35}},"loc":{"start":{"line":11,"column":56},"end":{"line":11,"column":68}}},"2":{"name":"(anonymous_3)","decl":{"start":{"line":12,"column":35},"end":{"line":12,"column":36}},"loc":{"start":{"line":12,"column":57},"end":{"line":12,"column":70}}},"3":{"name":"(anonymous_4)","decl":{"start":{"line":23,"column":39},"end":{"line":23,"column":40}},"loc":{"start":{"line":23,"column":54},"end":{"line":33,"column":10}}},"4":{"name":"oo_cm","decl":{"start":{"line":40,"column":30},"end":{"line":40,"column":35}},"loc":{"start":{"line":40,"column":35},"end":{"line":40,"column":36895}}},"5":{"name":"oo_oo","decl":{"start":{"line":40,"column":36905},"end":{"line":40,"column":36910}},"loc":{"start":{"line":40,"column":36930},"end":{"line":40,"column":36982}}},"6":{"name":"oo_tr","decl":{"start":{"line":40,"column":36998},"end":{"line":40,"column":37003}},"loc":{"start":{"line":40,"column":37023},"end":{"line":40,"column":37077}}},"7":{"name":"oo_ts","decl":{"start":{"line":40,"column":37093},"end":{"line":40,"column":37098}},"loc":{"start":{"line":40,"column":37098},"end":{"line":40,"column":37139}}},"8":{"name":"oo_te","decl":{"start":{"line":40,"column":37155},"end":{"line":40,"column":37160}},"loc":{"start":{"line":40,"column":37160},"end":{"line":40,"column":37204}}}},"branchMap":{"0":{"loc":{"start":{"line":18,"column":7},"end":{"line":33,"column":null}},"type":"cond-expr","locations":[{"start":{"line":19,"column":8},"end":{"line":19,"column":19}},{"start":{"line":20,"column":10},"end":{"line":33,"column":null}}]},"1":{"loc":{"start":{"line":20,"column":10},"end":{"line":33,"column":null}},"type":"cond-expr","locations":[{"start":{"line":21,"column":8},"end":{"line":21,"column":28}},{"start":{"line":23,"column":8},"end":{"line":33,"column":10}}]},"2":{"loc":{"start":{"line":20,"column":10},"end":{"line":20,"column":42}},"type":"cond-expr","locations":[{"start":{"line":20,"column":21},"end":{"line":20,"column":23}},{"start":{"line":20,"column":10},"end":{"line":20,"column":42}}]},"3":{"loc":{"start":{"line":20,"column":10},"end":{"line":20,"column":23}},"type":"binary-expr","locations":[{"start":{"line":20,"column":10},"end":{"line":20,"column":23}},{"start":{"line":20,"column":10},"end":{"line":20,"column":23}}]},"4":{"loc":{"start":{"line":23,"column":8},"end":{"line":33,"column":10}},"type":"cond-expr","locations":[{"start":{"line":23,"column":33},"end":{"line":23,"column":35}},{"start":{"line":23,"column":33},"end":{"line":33,"column":10}}]},"5":{"loc":{"start":{"line":23,"column":8},"end":{"line":23,"column":35}},"type":"binary-expr","locations":[{"start":{"line":23,"column":8},"end":{"line":23,"column":35}},{"start":{"line":23,"column":33},"end":{"line":23,"column":35}}]},"6":{"loc":{"start":{"line":23,"column":8},"end":{"line":23,"column":33}},"type":"cond-expr","locations":[{"start":{"line":23,"column":19},"end":{"line":23,"column":21}},{"start":{"line":23,"column":8},"end":{"line":23,"column":33}}]},"7":{"loc":{"start":{"line":23,"column":8},"end":{"line":23,"column":21}},"type":"binary-expr","locations":[{"start":{"line":23,"column":8},"end":{"line":23,"column":21}},{"start":{"line":23,"column":8},"end":{"line":23,"column":21}}]},"8":{"loc":{"start":{"line":25,"column":17},"end":{"line":25,"column":32}},"type":"cond-expr","locations":[{"start":{"line":25,"column":28},"end":{"line":25,"column":30}},{"start":{"line":25,"column":28},"end":{"line":25,"column":32}}]},"9":{"loc":{"start":{"line":25,"column":17},"end":{"line":25,"column":30}},"type":"binary-expr","locations":[{"start":{"line":25,"column":17},"end":{"line":25,"column":30}},{"start":{"line":25,"column":28},"end":{"line":25,"column":30}}]},"10":{"loc":{"start":{"line":25,"column":17},"end":{"line":25,"column":28}},"type":"cond-expr","locations":[{"start":{"line":25,"column":22},"end":{"line":25,"column":24}},{"start":{"line":25,"column":17},"end":{"line":25,"column":28}}]},"11":{"loc":{"start":{"line":25,"column":17},"end":{"line":25,"column":24}},"type":"binary-expr","locations":[{"start":{"line":25,"column":17},"end":{"line":25,"column":24}},{"start":{"line":25,"column":17},"end":{"line":25,"column":24}}]},"12":{"loc":{"start":{"line":26,"column":16},"end":{"line":26,"column":31}},"type":"cond-expr","locations":[{"start":{"line":26,"column":27},"end":{"line":26,"column":29}},{"start":{"line":26,"column":27},"end":{"line":26,"column":31}}]},"13":{"loc":{"start":{"line":26,"column":16},"end":{"line":26,"column":29}},"type":"binary-expr","locations":[{"start":{"line":26,"column":16},"end":{"line":26,"column":29}},{"start":{"line":26,"column":27},"end":{"line":26,"column":29}}]},"14":{"loc":{"start":{"line":26,"column":16},"end":{"line":26,"column":27}},"type":"cond-expr","locations":[{"start":{"line":26,"column":21},"end":{"line":26,"column":23}},{"start":{"line":26,"column":16},"end":{"line":26,"column":27}}]},"15":{"loc":{"start":{"line":26,"column":16},"end":{"line":26,"column":23}},"type":"binary-expr","locations":[{"start":{"line":26,"column":16},"end":{"line":26,"column":23}},{"start":{"line":26,"column":16},"end":{"line":26,"column":23}}]},"16":{"loc":{"start":{"line":27,"column":20},"end":{"line":27,"column":48}},"type":"cond-expr","locations":[{"start":{"line":27,"column":38},"end":{"line":27,"column":40}},{"start":{"line":27,"column":38},"end":{"line":27,"column":48}}]},"17":{"loc":{"start":{"line":27,"column":20},"end":{"line":27,"column":40}},"type":"binary-expr","locations":[{"start":{"line":27,"column":20},"end":{"line":27,"column":40}},{"start":{"line":27,"column":38},"end":{"line":27,"column":40}}]},"18":{"loc":{"start":{"line":27,"column":20},"end":{"line":27,"column":38}},"type":"cond-expr","locations":[{"start":{"line":27,"column":31},"end":{"line":27,"column":33}},{"start":{"line":27,"column":31},"end":{"line":27,"column":38}}]},"19":{"loc":{"start":{"line":27,"column":20},"end":{"line":27,"column":33}},"type":"binary-expr","locations":[{"start":{"line":27,"column":20},"end":{"line":27,"column":33}},{"start":{"line":27,"column":31},"end":{"line":27,"column":33}}]},"20":{"loc":{"start":{"line":27,"column":20},"end":{"line":27,"column":31}},"type":"cond-expr","locations":[{"start":{"line":27,"column":25},"end":{"line":27,"column":27}},{"start":{"line":27,"column":20},"end":{"line":27,"column":31}}]},"21":{"loc":{"start":{"line":27,"column":20},"end":{"line":27,"column":27}},"type":"binary-expr","locations":[{"start":{"line":27,"column":20},"end":{"line":27,"column":27}},{"start":{"line":27,"column":20},"end":{"line":27,"column":27}}]},"22":{"loc":{"start":{"line":28,"column":22},"end":{"line":28,"column":39}},"type":"cond-expr","locations":[{"start":{"line":28,"column":33},"end":{"line":28,"column":35}},{"start":{"line":28,"column":33},"end":{"line":28,"column":39}}]},"23":{"loc":{"start":{"line":28,"column":22},"end":{"line":28,"column":35}},"type":"binary-expr","locations":[{"start":{"line":28,"column":22},"end":{"line":28,"column":35}},{"start":{"line":28,"column":33},"end":{"line":28,"column":35}}]},"24":{"loc":{"start":{"line":28,"column":22},"end":{"line":28,"column":33}},"type":"cond-expr","locations":[{"start":{"line":28,"column":27},"end":{"line":28,"column":29}},{"start":{"line":28,"column":22},"end":{"line":28,"column":33}}]},"25":{"loc":{"start":{"line":28,"column":22},"end":{"line":28,"column":29}},"type":"binary-expr","locations":[{"start":{"line":28,"column":22},"end":{"line":28,"column":29}},{"start":{"line":28,"column":22},"end":{"line":28,"column":29}}]},"26":{"loc":{"start":{"line":29,"column":20},"end":{"line":29,"column":39}},"type":"cond-expr","locations":[{"start":{"line":29,"column":31},"end":{"line":29,"column":33}},{"start":{"line":29,"column":31},"end":{"line":29,"column":39}}]},"27":{"loc":{"start":{"line":29,"column":20},"end":{"line":29,"column":33}},"type":"binary-expr","locations":[{"start":{"line":29,"column":20},"end":{"line":29,"column":33}},{"start":{"line":29,"column":31},"end":{"line":29,"column":33}}]},"28":{"loc":{"start":{"line":29,"column":20},"end":{"line":29,"column":31}},"type":"cond-expr","locations":[{"start":{"line":29,"column":25},"end":{"line":29,"column":27}},{"start":{"line":29,"column":20},"end":{"line":29,"column":31}}]},"29":{"loc":{"start":{"line":29,"column":20},"end":{"line":29,"column":27}},"type":"binary-expr","locations":[{"start":{"line":29,"column":20},"end":{"line":29,"column":27}},{"start":{"line":29,"column":20},"end":{"line":29,"column":27}}]},"30":{"loc":{"start":{"line":30,"column":21},"end":{"line":30,"column":56}},"type":"cond-expr","locations":[{"start":{"line":30,"column":50},"end":{"line":30,"column":52}},{"start":{"line":30,"column":50},"end":{"line":30,"column":56}}]},"31":{"loc":{"start":{"line":30,"column":21},"end":{"line":30,"column":52}},"type":"binary-expr","locations":[{"start":{"line":30,"column":21},"end":{"line":30,"column":52}},{"start":{"line":30,"column":50},"end":{"line":30,"column":52}}]},"32":{"loc":{"start":{"line":30,"column":21},"end":{"line":30,"column":50}},"type":"cond-expr","locations":[{"start":{"line":30,"column":41},"end":{"line":30,"column":43}},{"start":{"line":30,"column":41},"end":{"line":30,"column":50}}]},"33":{"loc":{"start":{"line":30,"column":21},"end":{"line":30,"column":43}},"type":"binary-expr","locations":[{"start":{"line":30,"column":21},"end":{"line":30,"column":43}},{"start":{"line":30,"column":41},"end":{"line":30,"column":43}}]},"34":{"loc":{"start":{"line":30,"column":21},"end":{"line":30,"column":41}},"type":"cond-expr","locations":[{"start":{"line":30,"column":32},"end":{"line":30,"column":34}},{"start":{"line":30,"column":32},"end":{"line":30,"column":41}}]},"35":{"loc":{"start":{"line":30,"column":21},"end":{"line":30,"column":34}},"type":"binary-expr","locations":[{"start":{"line":30,"column":21},"end":{"line":30,"column":34}},{"start":{"line":30,"column":32},"end":{"line":30,"column":34}}]},"36":{"loc":{"start":{"line":30,"column":21},"end":{"line":30,"column":32}},"type":"cond-expr","locations":[{"start":{"line":30,"column":26},"end":{"line":30,"column":28}},{"start":{"line":30,"column":21},"end":{"line":30,"column":32}}]},"37":{"loc":{"start":{"line":30,"column":21},"end":{"line":30,"column":28}},"type":"binary-expr","locations":[{"start":{"line":30,"column":21},"end":{"line":30,"column":28}},{"start":{"line":30,"column":21},"end":{"line":30,"column":28}}]},"38":{"loc":{"start":{"line":31,"column":23},"end":{"line":31,"column":58}},"type":"cond-expr","locations":[{"start":{"line":31,"column":45},"end":{"line":31,"column":47}},{"start":{"line":31,"column":45},"end":{"line":31,"column":58}}]},"39":{"loc":{"start":{"line":31,"column":23},"end":{"line":31,"column":47}},"type":"binary-expr","locations":[{"start":{"line":31,"column":23},"end":{"line":31,"column":47}},{"start":{"line":31,"column":45},"end":{"line":31,"column":47}}]},"40":{"loc":{"start":{"line":31,"column":23},"end":{"line":31,"column":45}},"type":"cond-expr","locations":[{"start":{"line":31,"column":34},"end":{"line":31,"column":36}},{"start":{"line":31,"column":34},"end":{"line":31,"column":45}}]},"41":{"loc":{"start":{"line":31,"column":23},"end":{"line":31,"column":36}},"type":"binary-expr","locations":[{"start":{"line":31,"column":23},"end":{"line":31,"column":36}},{"start":{"line":31,"column":34},"end":{"line":31,"column":36}}]},"42":{"loc":{"start":{"line":31,"column":23},"end":{"line":31,"column":34}},"type":"cond-expr","locations":[{"start":{"line":31,"column":28},"end":{"line":31,"column":30}},{"start":{"line":31,"column":23},"end":{"line":31,"column":34}}]},"43":{"loc":{"start":{"line":31,"column":23},"end":{"line":31,"column":30}},"type":"binary-expr","locations":[{"start":{"line":31,"column":23},"end":{"line":31,"column":30}},{"start":{"line":31,"column":23},"end":{"line":31,"column":30}}]},"44":{"loc":{"start":{"line":40,"column":49},"end":{"line":40,"column":36882}},"type":"binary-expr","locations":[{"start":{"line":40,"column":49},"end":{"line":40,"column":86}},{"start":{"line":40,"column":90},"end":{"line":40,"column":36882}}]}},"s":{"0":1,"1":1,"2":1,"3":1,"4":1,"5":1,"6":3,"7":3,"8":3,"9":3,"10":3,"11":3,"12":2,"13":1,"14":3,"15":3,"16":3,"17":3,"18":3,"19":1,"20":0,"21":0,"22":0,"23":1,"24":0,"25":0,"26":1,"27":0,"28":0,"29":1},"f":{"0":3,"1":3,"2":3,"3":2,"4":3,"5":3,"6":0,"7":0,"8":0},"b":{"0":[1,2],"1":[1,1],"2":[0,2],"3":[2,2],"4":[0,1],"5":[1,1],"6":[0,1],"7":[1,1],"8":[0,2],"9":[2,2],"10":[0,2],"11":[2,2],"12":[0,2],"13":[2,2],"14":[0,2],"15":[2,2],"16":[0,2],"17":[2,2],"18":[0,2],"19":[2,2],"20":[0,2],"21":[2,2],"22":[0,2],"23":[2,2],"24":[0,2],"25":[2,2],"26":[0,2],"27":[2,2],"28":[0,2],"29":[2,2],"30":[0,2],"31":[2,2],"32":[0,2],"33":[2,2],"34":[0,2],"35":[2,2],"36":[0,2],"37":[2,2],"38":[0,2],"39":[2,2],"40":[0,2],"41":[2,2],"42":[0,2],"43":[2,2],"44":[3,1]}}
,"C:\\Users\\dani_\\Desktop\\Dani\\desarrollo\\project\\chili_test\\theMoviesLibrary\\src\\features\\movies\\moviesSlice.tsx": {"path":"C:\\Users\\dani_\\Desktop\\Dani\\desarrollo\\project\\chili_test\\theMoviesLibrary\\src\\features\\movies\\moviesSlice.tsx","statementMap":{"0":{"start":{"line":1,"column":0},"end":{"line":1,"column":73}},"1":{"start":{"line":2,"column":0},"end":{"line":2,"column":26}},"2":{"start":{"line":16,"column":34},"end":{"line":21,"column":2}},"3":{"start":{"line":23,"column":13},"end":{"line":31,"column":3}},"4":{"start":{"line":23,"column":102},"end":{"line":31,"column":2}},"5":{"start":{"line":24,"column":2},"end":{"line":30,"column":null}},"6":{"start":{"line":25,"column":16},"end":{"line":25,"column":68}},"7":{"start":{"line":26,"column":21},"end":{"line":26,"column":41}},"8":{"start":{"line":27,"column":4},"end":{"line":27,"column":25}},"9":{"start":{"line":29,"column":4},"end":{"line":29,"column":null}},"10":{"start":{"line":33,"column":13},"end":{"line":41,"column":3}},"11":{"start":{"line":33,"column":116},"end":{"line":41,"column":2}},"12":{"start":{"line":34,"column":2},"end":{"line":40,"column":null}},"13":{"start":{"line":35,"column":16},"end":{"line":35,"column":102}},"14":{"start":{"line":36,"column":21},"end":{"line":36,"column":41}},"15":{"start":{"line":37,"column":4},"end":{"line":37,"column":25}},"16":{"start":{"line":39,"column":4},"end":{"line":39,"column":null}},"17":{"start":{"line":43,"column":13},"end":{"line":60,"column":3}},"18":{"start":{"line":48,"column":8},"end":{"line":48,"column":null}},"19":{"start":{"line":52,"column":4},"end":{"line":54,"column":7}},"20":{"start":{"line":53,"column":6},"end":{"line":53,"column":42}},"21":{"start":{"line":55,"column":4},"end":{"line":58,"column":7}},"22":{"start":{"line":56,"column":6},"end":{"line":56,"column":44}},"23":{"start":{"line":57,"column":6},"end":{"line":57,"column":57}},"24":{"start":{"line":62,"column":15},"end":{"line":62,"column":null}},"25":{"start":{"line":63,"column":0},"end":{"line":63,"column":35}}},"fnMap":{"0":{"name":"(anonymous_8)","decl":{"start":{"line":23,"column":62},"end":{"line":23,"column":69}},"loc":{"start":{"line":23,"column":102},"end":{"line":31,"column":2}}},"1":{"name":"(anonymous_9)","decl":{"start":{"line":23,"column":102},"end":{"line":23,"column":null}},"loc":{"start":{"line":23,"column":102},"end":{"line":31,"column":1}}},"2":{"name":"(anonymous_10)","decl":{"start":{"line":33,"column":78},"end":{"line":33,"column":85}},"loc":{"start":{"line":33,"column":116},"end":{"line":41,"column":2}}},"3":{"name":"(anonymous_11)","decl":{"start":{"line":33,"column":116},"end":{"line":33,"column":null}},"loc":{"start":{"line":33,"column":116},"end":{"line":41,"column":1}}},"4":{"name":"(anonymous_12)","decl":{"start":{"line":47,"column":18},"end":{"line":47,"column":19}},"loc":{"start":{"line":47,"column":35},"end":{"line":49,"column":5}}},"5":{"name":"(anonymous_13)","decl":{"start":{"line":51,"column":17},"end":{"line":51,"column":18}},"loc":{"start":{"line":51,"column":29},"end":{"line":59,"column":3}}},"6":{"name":"(anonymous_14)","decl":{"start":{"line":52,"column":41},"end":{"line":52,"column":42}},"loc":{"start":{"line":52,"column":59},"end":{"line":54,"column":5}}},"7":{"name":"(anonymous_15)","decl":{"start":{"line":55,"column":49},"end":{"line":55,"column":50}},"loc":{"start":{"line":55,"column":67},"end":{"line":58,"column":5}}}},"branchMap":{},"s":{"0":1,"1":1,"2":1,"3":1,"4":0,"5":0,"6":0,"7":0,"8":0,"9":0,"10":1,"11":4,"12":4,"13":4,"14":4,"15":1,"16":0,"17":1,"18":0,"19":0,"20":0,"21":0,"22":0,"23":0,"24":1,"25":1},"f":{"0":0,"1":0,"2":4,"3":4,"4":0,"5":0,"6":0,"7":0},"b":{}}
,"C:\\Users\\dani_\\Desktop\\Dani\\desarrollo\\project\\chili_test\\theMoviesLibrary\\src\\features\\spinner\\spinnerSlice.tsx": {"path":"C:\\Users\\dani_\\Desktop\\Dani\\desarrollo\\project\\chili_test\\theMoviesLibrary\\src\\features\\spinner\\spinnerSlice.tsx","statementMap":{"0":{"start":{"line":1,"column":0},"end":{"line":1,"column":47}},"1":{"start":{"line":7,"column":35},"end":{"line":9,"column":2}},"2":{"start":{"line":11,"column":13},"end":{"line":19,"column":3}},"3":{"start":{"line":16,"column":8},"end":{"line":16,"column":null}},"4":{"start":{"line":21,"column":15},"end":{"line":21,"column":null}},"5":{"start":{"line":22,"column":0},"end":{"line":22,"column":36}}},"fnMap":{"0":{"name":"(anonymous_0)","decl":{"start":{"line":15,"column":21},"end":{"line":15,"column":22}},"loc":{"start":{"line":15,"column":38},"end":{"line":17,"column":5}}}},"branchMap":{},"s":{"0":1,"1":1,"2":1,"3":0,"4":1,"5":1},"f":{"0":0},"b":{}}
,"C:\\Users\\dani_\\Desktop\\Dani\\desarrollo\\project\\chili_test\\theMoviesLibrary\\src\\views\\MovieDetail.tsx": {"path":"C:\\Users\\dani_\\Desktop\\Dani\\desarrollo\\project\\chili_test\\theMoviesLibrary\\src\\views\\MovieDetail.tsx","statementMap":{"0":{"start":{"line":1,"column":0},"end":{"line":1,"column":54}},"1":{"start":{"line":2,"column":0},"end":{"line":2,"column":55}},"2":{"start":{"line":3,"column":0},"end":{"line":3,"column":67}},"3":{"start":{"line":4,"column":0},"end":{"line":4,"column":67}},"4":{"start":{"line":5,"column":0},"end":{"line":5,"column":45}},"5":{"start":{"line":8,"column":0},"end":{"line":8,"column":54}},"6":{"start":{"line":9,"column":0},"end":{"line":9,"column":60}},"7":{"start":{"line":10,"column":0},"end":{"line":10,"column":44}},"8":{"start":{"line":12,"column":0},"end":{"line":12,"column":55}},"9":{"start":{"line":13,"column":0},"end":{"line":13,"column":47}},"10":{"start":{"line":15,"column":20},"end":{"line":124,"column":1}},"11":{"start":{"line":17,"column":17},"end":{"line":17,"column":28}},"12":{"start":{"line":20,"column":19},"end":{"line":20,"column":32}},"13":{"start":{"line":21,"column":22},"end":{"line":21,"column":69}},"14":{"start":{"line":21,"column":56},"end":{"line":21,"column":68}},"15":{"start":{"line":22,"column":23},"end":{"line":22,"column":71}},"16":{"start":{"line":22,"column":57},"end":{"line":22,"column":70}},"17":{"start":{"line":24,"column":26},"end":{"line":30,"column":20}},"18":{"start":{"line":24,"column":49},"end":{"line":30,"column":5}},"19":{"start":{"line":26,"column":4},"end":{"line":26,"column":36}},"20":{"start":{"line":27,"column":4},"end":{"line":27,"column":49}},"21":{"start":{"line":29,"column":4},"end":{"line":29,"column":37}},"22":{"start":{"line":32,"column":2},"end":{"line":34,"column":24}},"23":{"start":{"line":33,"column":4},"end":{"line":33,"column":22}},"24":{"start":{"line":36,"column":2},"end":{"line":36,"column":null}},"25":{"start":{"line":38,"column":2},"end":{"line":123,"column":4}},"26":{"start":{"line":48,"column":30},"end":{"line":48,"column":56}},"27":{"start":{"line":92,"column":47},"end":{"line":92,"column":58}},"28":{"start":{"line":126,"column":0},"end":{"line":126,"column":27}}},"fnMap":{"0":{"name":"(anonymous_14)","decl":{"start":{"line":15,"column":20},"end":{"line":15,"column":23}},"loc":{"start":{"line":15,"column":25},"end":{"line":124,"column":1}}},"1":{"name":"(anonymous_15)","decl":{"start":{"line":21,"column":34},"end":{"line":21,"column":35}},"loc":{"start":{"line":21,"column":56},"end":{"line":21,"column":68}}},"2":{"name":"(anonymous_16)","decl":{"start":{"line":22,"column":35},"end":{"line":22,"column":36}},"loc":{"start":{"line":22,"column":57},"end":{"line":22,"column":70}}},"3":{"name":"(anonymous_17)","decl":{"start":{"line":24,"column":38},"end":{"line":24,"column":47}},"loc":{"start":{"line":24,"column":49},"end":{"line":30,"column":5}}},"4":{"name":"(anonymous_18)","decl":{"start":{"line":24,"column":49},"end":{"line":24,"column":null}},"loc":{"start":{"line":24,"column":49},"end":{"line":30,"column":3}}},"5":{"name":"(anonymous_19)","decl":{"start":{"line":32,"column":12},"end":{"line":32,"column":15}},"loc":{"start":{"line":32,"column":17},"end":{"line":34,"column":3}}},"6":{"name":"(anonymous_20)","decl":{"start":{"line":48,"column":14},"end":{"line":48,"column":15}},"loc":{"start":{"line":48,"column":30},"end":{"line":48,"column":56}}},"7":{"name":"(anonymous_21)","decl":{"start":{"line":92,"column":30},"end":{"line":92,"column":31}},"loc":{"start":{"line":92,"column":47},"end":{"line":92,"column":58}}}},"branchMap":{"0":{"loc":{"start":{"line":40,"column":7},"end":{"line":120,"column":null}},"type":"cond-expr","locations":[{"start":{"line":41,"column":8},"end":{"line":42,"column":null}},{"start":{"line":45,"column":8},"end":{"line":119,"column":null}}]},"1":{"loc":{"start":{"line":47,"column":26},"end":{"line":48,"column":null}},"type":"cond-expr","locations":[{"start":{"line":47,"column":56},"end":{"line":47,"column":58}},{"start":{"line":47,"column":56},"end":{"line":48,"column":null}}]},"2":{"loc":{"start":{"line":47,"column":26},"end":{"line":47,"column":58}},"type":"binary-expr","locations":[{"start":{"line":47,"column":26},"end":{"line":47,"column":58}},{"start":{"line":47,"column":56},"end":{"line":47,"column":58}}]},"3":{"loc":{"start":{"line":47,"column":26},"end":{"line":47,"column":56}},"type":"cond-expr","locations":[{"start":{"line":47,"column":37},"end":{"line":47,"column":39}},{"start":{"line":47,"column":26},"end":{"line":47,"column":56}}]},"4":{"loc":{"start":{"line":47,"column":26},"end":{"line":47,"column":39}},"type":"binary-expr","locations":[{"start":{"line":47,"column":26},"end":{"line":47,"column":39}},{"start":{"line":47,"column":26},"end":{"line":47,"column":39}}]},"5":{"loc":{"start":{"line":51,"column":11},"end":{"line":115,"column":null}},"type":"binary-expr","locations":[{"start":{"line":51,"column":11},"end":{"line":51,"column":37}},{"start":{"line":52,"column":12},"end":{"line":114,"column":null}}]},"6":{"loc":{"start":{"line":60,"column":19},"end":{"line":64,"column":41}},"type":"cond-expr","locations":[{"start":{"line":62,"column":22},"end":{"line":63,"column":69}},{"start":{"line":64,"column":22},"end":{"line":64,"column":41}}]},"7":{"loc":{"start":{"line":60,"column":19},"end":{"line":61,"column":null}},"type":"binary-expr","locations":[{"start":{"line":60,"column":19},"end":{"line":60,"column":65}},{"start":{"line":61,"column":18},"end":{"line":61,"column":61}}]},"8":{"loc":{"start":{"line":60,"column":19},"end":{"line":60,"column":65}},"type":"cond-expr","locations":[{"start":{"line":60,"column":56},"end":{"line":60,"column":58}},{"start":{"line":60,"column":56},"end":{"line":60,"column":65}}]},"9":{"loc":{"start":{"line":60,"column":19},"end":{"line":60,"column":58}},"type":"binary-expr","locations":[{"start":{"line":60,"column":19},"end":{"line":60,"column":58}},{"start":{"line":60,"column":56},"end":{"line":60,"column":58}}]},"10":{"loc":{"start":{"line":60,"column":19},"end":{"line":60,"column":56}},"type":"cond-expr","locations":[{"start":{"line":60,"column":46},"end":{"line":60,"column":48}},{"start":{"line":60,"column":46},"end":{"line":60,"column":56}}]},"11":{"loc":{"start":{"line":60,"column":19},"end":{"line":60,"column":48}},"type":"binary-expr","locations":[{"start":{"line":60,"column":19},"end":{"line":60,"column":48}},{"start":{"line":60,"column":46},"end":{"line":60,"column":48}}]},"12":{"loc":{"start":{"line":60,"column":19},"end":{"line":60,"column":46}},"type":"cond-expr","locations":[{"start":{"line":60,"column":30},"end":{"line":60,"column":32}},{"start":{"line":60,"column":19},"end":{"line":60,"column":46}}]},"13":{"loc":{"start":{"line":60,"column":19},"end":{"line":60,"column":32}},"type":"binary-expr","locations":[{"start":{"line":60,"column":19},"end":{"line":60,"column":32}},{"start":{"line":60,"column":19},"end":{"line":60,"column":32}}]},"14":{"loc":{"start":{"line":61,"column":18},"end":{"line":61,"column":61}},"type":"cond-expr","locations":[{"start":{"line":61,"column":55},"end":{"line":61,"column":57}},{"start":{"line":61,"column":55},"end":{"line":61,"column":61}}]},"15":{"loc":{"start":{"line":61,"column":18},"end":{"line":61,"column":57}},"type":"binary-expr","locations":[{"start":{"line":61,"column":18},"end":{"line":61,"column":57}},{"start":{"line":61,"column":55},"end":{"line":61,"column":57}}]},"16":{"loc":{"start":{"line":61,"column":18},"end":{"line":61,"column":55}},"type":"cond-expr","locations":[{"start":{"line":61,"column":45},"end":{"line":61,"column":47}},{"start":{"line":61,"column":45},"end":{"line":61,"column":55}}]},"17":{"loc":{"start":{"line":61,"column":18},"end":{"line":61,"column":47}},"type":"binary-expr","locations":[{"start":{"line":61,"column":18},"end":{"line":61,"column":47}},{"start":{"line":61,"column":45},"end":{"line":61,"column":47}}]},"18":{"loc":{"start":{"line":61,"column":18},"end":{"line":61,"column":45}},"type":"cond-expr","locations":[{"start":{"line":61,"column":29},"end":{"line":61,"column":31}},{"start":{"line":61,"column":18},"end":{"line":61,"column":45}}]},"19":{"loc":{"start":{"line":61,"column":18},"end":{"line":61,"column":31}},"type":"binary-expr","locations":[{"start":{"line":61,"column":18},"end":{"line":61,"column":31}},{"start":{"line":61,"column":18},"end":{"line":61,"column":31}}]},"20":{"loc":{"start":{"line":62,"column":25},"end":{"line":62,"column":71}},"type":"cond-expr","locations":[{"start":{"line":62,"column":62},"end":{"line":62,"column":64}},{"start":{"line":62,"column":62},"end":{"line":62,"column":71}}]},"21":{"loc":{"start":{"line":62,"column":25},"end":{"line":62,"column":64}},"type":"binary-expr","locations":[{"start":{"line":62,"column":25},"end":{"line":62,"column":64}},{"start":{"line":62,"column":62},"end":{"line":62,"column":64}}]},"22":{"loc":{"start":{"line":62,"column":25},"end":{"line":62,"column":62}},"type":"cond-expr","locations":[{"start":{"line":62,"column":52},"end":{"line":62,"column":54}},{"start":{"line":62,"column":52},"end":{"line":62,"column":62}}]},"23":{"loc":{"start":{"line":62,"column":25},"end":{"line":62,"column":54}},"type":"binary-expr","locations":[{"start":{"line":62,"column":25},"end":{"line":62,"column":54}},{"start":{"line":62,"column":52},"end":{"line":62,"column":54}}]},"24":{"loc":{"start":{"line":62,"column":25},"end":{"line":62,"column":52}},"type":"cond-expr","locations":[{"start":{"line":62,"column":36},"end":{"line":62,"column":38}},{"start":{"line":62,"column":25},"end":{"line":62,"column":52}}]},"25":{"loc":{"start":{"line":62,"column":25},"end":{"line":62,"column":38}},"type":"binary-expr","locations":[{"start":{"line":62,"column":25},"end":{"line":62,"column":38}},{"start":{"line":62,"column":25},"end":{"line":62,"column":38}}]},"26":{"loc":{"start":{"line":63,"column":24},"end":{"line":63,"column":67}},"type":"cond-expr","locations":[{"start":{"line":63,"column":61},"end":{"line":63,"column":63}},{"start":{"line":63,"column":61},"end":{"line":63,"column":67}}]},"27":{"loc":{"start":{"line":63,"column":24},"end":{"line":63,"column":63}},"type":"binary-expr","locations":[{"start":{"line":63,"column":24},"end":{"line":63,"column":63}},{"start":{"line":63,"column":61},"end":{"line":63,"column":63}}]},"28":{"loc":{"start":{"line":63,"column":24},"end":{"line":63,"column":61}},"type":"cond-expr","locations":[{"start":{"line":63,"column":51},"end":{"line":63,"column":53}},{"start":{"line":63,"column":51},"end":{"line":63,"column":61}}]},"29":{"loc":{"start":{"line":63,"column":24},"end":{"line":63,"column":53}},"type":"binary-expr","locations":[{"start":{"line":63,"column":24},"end":{"line":63,"column":53}},{"start":{"line":63,"column":51},"end":{"line":63,"column":53}}]},"30":{"loc":{"start":{"line":63,"column":24},"end":{"line":63,"column":51}},"type":"cond-expr","locations":[{"start":{"line":63,"column":35},"end":{"line":63,"column":37}},{"start":{"line":63,"column":24},"end":{"line":63,"column":51}}]},"31":{"loc":{"start":{"line":63,"column":24},"end":{"line":63,"column":37}},"type":"binary-expr","locations":[{"start":{"line":63,"column":24},"end":{"line":63,"column":37}},{"start":{"line":63,"column":24},"end":{"line":63,"column":37}}]},"32":{"loc":{"start":{"line":73,"column":21},"end":{"line":74,"column":41}},"type":"binary-expr","locations":[{"start":{"line":73,"column":21},"end":{"line":73,"column":65}},{"start":{"line":74,"column":22},"end":{"line":74,"column":41}}]},"33":{"loc":{"start":{"line":73,"column":21},"end":{"line":73,"column":65}},"type":"cond-expr","locations":[{"start":{"line":73,"column":56},"end":{"line":73,"column":58}},{"start":{"line":73,"column":56},"end":{"line":73,"column":65}}]},"34":{"loc":{"start":{"line":73,"column":21},"end":{"line":73,"column":58}},"type":"binary-expr","locations":[{"start":{"line":73,"column":21},"end":{"line":73,"column":58}},{"start":{"line":73,"column":56},"end":{"line":73,"column":58}}]},"35":{"loc":{"start":{"line":73,"column":21},"end":{"line":73,"column":56}},"type":"cond-expr","locations":[{"start":{"line":73,"column":48},"end":{"line":73,"column":50}},{"start":{"line":73,"column":48},"end":{"line":73,"column":56}}]},"36":{"loc":{"start":{"line":73,"column":21},"end":{"line":73,"column":50}},"type":"binary-expr","locations":[{"start":{"line":73,"column":21},"end":{"line":73,"column":50}},{"start":{"line":73,"column":48},"end":{"line":73,"column":50}}]},"37":{"loc":{"start":{"line":73,"column":21},"end":{"line":73,"column":48}},"type":"cond-expr","locations":[{"start":{"line":73,"column":32},"end":{"line":73,"column":34}},{"start":{"line":73,"column":21},"end":{"line":73,"column":48}}]},"38":{"loc":{"start":{"line":73,"column":21},"end":{"line":73,"column":34}},"type":"binary-expr","locations":[{"start":{"line":73,"column":21},"end":{"line":73,"column":34}},{"start":{"line":73,"column":21},"end":{"line":73,"column":34}}]},"39":{"loc":{"start":{"line":82,"column":21},"end":{"line":82,"column":54}},"type":"cond-expr","locations":[{"start":{"line":82,"column":48},"end":{"line":82,"column":50}},{"start":{"line":82,"column":48},"end":{"line":82,"column":54}}]},"40":{"loc":{"start":{"line":82,"column":21},"end":{"line":82,"column":50}},"type":"binary-expr","locations":[{"start":{"line":82,"column":21},"end":{"line":82,"column":50}},{"start":{"line":82,"column":48},"end":{"line":82,"column":50}}]},"41":{"loc":{"start":{"line":82,"column":21},"end":{"line":82,"column":48}},"type":"cond-expr","locations":[{"start":{"line":82,"column":32},"end":{"line":82,"column":34}},{"start":{"line":82,"column":21},"end":{"line":82,"column":48}}]},"42":{"loc":{"start":{"line":82,"column":21},"end":{"line":82,"column":34}},"type":"binary-expr","locations":[{"start":{"line":82,"column":21},"end":{"line":82,"column":34}},{"start":{"line":82,"column":21},"end":{"line":82,"column":34}}]},"43":{"loc":{"start":{"line":85,"column":21},"end":{"line":102,"column":null}},"type":"binary-expr","locations":[{"start":{"line":85,"column":21},"end":{"line":85,"column":56}},{"start":{"line":86,"column":22},"end":{"line":86,"column":68}},{"start":{"line":87,"column":24},"end":{"line":101,"column":null}}]},"44":{"loc":{"start":{"line":85,"column":21},"end":{"line":85,"column":56}},"type":"cond-expr","locations":[{"start":{"line":85,"column":48},"end":{"line":85,"column":50}},{"start":{"line":85,"column":48},"end":{"line":85,"column":56}}]},"45":{"loc":{"start":{"line":85,"column":21},"end":{"line":85,"column":50}},"type":"binary-expr","locations":[{"start":{"line":85,"column":21},"end":{"line":85,"column":50}},{"start":{"line":85,"column":48},"end":{"line":85,"column":50}}]},"46":{"loc":{"start":{"line":85,"column":21},"end":{"line":85,"column":48}},"type":"cond-expr","locations":[{"start":{"line":85,"column":32},"end":{"line":85,"column":34}},{"start":{"line":85,"column":21},"end":{"line":85,"column":48}}]},"47":{"loc":{"start":{"line":85,"column":21},"end":{"line":85,"column":34}},"type":"binary-expr","locations":[{"start":{"line":85,"column":21},"end":{"line":85,"column":34}},{"start":{"line":85,"column":21},"end":{"line":85,"column":34}}]},"48":{"loc":{"start":{"line":86,"column":22},"end":{"line":86,"column":64}},"type":"cond-expr","locations":[{"start":{"line":86,"column":56},"end":{"line":86,"column":58}},{"start":{"line":86,"column":56},"end":{"line":86,"column":64}}]},"49":{"loc":{"start":{"line":86,"column":22},"end":{"line":86,"column":58}},"type":"binary-expr","locations":[{"start":{"line":86,"column":22},"end":{"line":86,"column":58}},{"start":{"line":86,"column":56},"end":{"line":86,"column":58}}]},"50":{"loc":{"start":{"line":86,"column":22},"end":{"line":86,"column":56}},"type":"cond-expr","locations":[{"start":{"line":86,"column":48},"end":{"line":86,"column":50}},{"start":{"line":86,"column":48},"end":{"line":86,"column":56}}]},"51":{"loc":{"start":{"line":86,"column":22},"end":{"line":86,"column":50}},"type":"binary-expr","locations":[{"start":{"line":86,"column":22},"end":{"line":86,"column":50}},{"start":{"line":86,"column":48},"end":{"line":86,"column":50}}]},"52":{"loc":{"start":{"line":91,"column":29},"end":{"line":93,"column":40}},"type":"cond-expr","locations":[{"start":{"line":91,"column":56},"end":{"line":91,"column":58}},{"start":{"line":91,"column":56},"end":{"line":93,"column":40}}]},"53":{"loc":{"start":{"line":91,"column":29},"end":{"line":91,"column":58}},"type":"binary-expr","locations":[{"start":{"line":91,"column":29},"end":{"line":91,"column":58}},{"start":{"line":91,"column":56},"end":{"line":91,"column":58}}]},"54":{"loc":{"start":{"line":91,"column":29},"end":{"line":91,"column":56}},"type":"cond-expr","locations":[{"start":{"line":91,"column":40},"end":{"line":91,"column":42}},{"start":{"line":91,"column":29},"end":{"line":91,"column":56}}]},"55":{"loc":{"start":{"line":91,"column":29},"end":{"line":91,"column":42}},"type":"binary-expr","locations":[{"start":{"line":91,"column":29},"end":{"line":91,"column":42}},{"start":{"line":91,"column":29},"end":{"line":91,"column":42}}]},"56":{"loc":{"start":{"line":98,"column":31},"end":{"line":99,"column":91}},"type":"cond-expr","locations":[{"start":{"line":99,"column":32},"end":{"line":99,"column":83}},{"start":{"line":99,"column":86},"end":{"line":99,"column":91}}]},"57":{"loc":{"start":{"line":98,"column":31},"end":{"line":98,"column":90}},"type":"cond-expr","locations":[{"start":{"line":98,"column":82},"end":{"line":98,"column":84}},{"start":{"line":98,"column":82},"end":{"line":98,"column":90}}]},"58":{"loc":{"start":{"line":98,"column":31},"end":{"line":98,"column":84}},"type":"binary-expr","locations":[{"start":{"line":98,"column":31},"end":{"line":98,"column":84}},{"start":{"line":98,"column":82},"end":{"line":98,"column":84}}]},"59":{"loc":{"start":{"line":98,"column":31},"end":{"line":98,"column":82}},"type":"cond-expr","locations":[{"start":{"line":98,"column":76},"end":{"line":98,"column":78}},{"start":{"line":98,"column":76},"end":{"line":98,"column":82}}]},"60":{"loc":{"start":{"line":98,"column":31},"end":{"line":98,"column":78}},"type":"binary-expr","locations":[{"start":{"line":98,"column":31},"end":{"line":98,"column":78}},{"start":{"line":98,"column":76},"end":{"line":98,"column":78}}]},"61":{"loc":{"start":{"line":98,"column":31},"end":{"line":98,"column":76}},"type":"cond-expr","locations":[{"start":{"line":98,"column":67},"end":{"line":98,"column":69}},{"start":{"line":98,"column":67},"end":{"line":98,"column":76}}]},"62":{"loc":{"start":{"line":98,"column":31},"end":{"line":98,"column":69}},"type":"binary-expr","locations":[{"start":{"line":98,"column":31},"end":{"line":98,"column":69}},{"start":{"line":98,"column":67},"end":{"line":98,"column":69}}]},"63":{"loc":{"start":{"line":98,"column":31},"end":{"line":98,"column":67}},"type":"cond-expr","locations":[{"start":{"line":98,"column":58},"end":{"line":98,"column":60}},{"start":{"line":98,"column":58},"end":{"line":98,"column":67}}]},"64":{"loc":{"start":{"line":98,"column":31},"end":{"line":98,"column":60}},"type":"binary-expr","locations":[{"start":{"line":98,"column":31},"end":{"line":98,"column":60}},{"start":{"line":98,"column":58},"end":{"line":98,"column":60}}]},"65":{"loc":{"start":{"line":98,"column":31},"end":{"line":98,"column":58}},"type":"cond-expr","locations":[{"start":{"line":98,"column":42},"end":{"line":98,"column":44}},{"start":{"line":98,"column":31},"end":{"line":98,"column":58}}]},"66":{"loc":{"start":{"line":98,"column":31},"end":{"line":98,"column":44}},"type":"binary-expr","locations":[{"start":{"line":98,"column":31},"end":{"line":98,"column":44}},{"start":{"line":98,"column":31},"end":{"line":98,"column":44}}]},"67":{"loc":{"start":{"line":99,"column":32},"end":{"line":99,"column":83}},"type":"cond-expr","locations":[{"start":{"line":99,"column":77},"end":{"line":99,"column":79}},{"start":{"line":99,"column":77},"end":{"line":99,"column":83}}]},"68":{"loc":{"start":{"line":99,"column":32},"end":{"line":99,"column":79}},"type":"binary-expr","locations":[{"start":{"line":99,"column":32},"end":{"line":99,"column":79}},{"start":{"line":99,"column":77},"end":{"line":99,"column":79}}]},"69":{"loc":{"start":{"line":99,"column":32},"end":{"line":99,"column":77}},"type":"cond-expr","locations":[{"start":{"line":99,"column":68},"end":{"line":99,"column":70}},{"start":{"line":99,"column":68},"end":{"line":99,"column":77}}]},"70":{"loc":{"start":{"line":99,"column":32},"end":{"line":99,"column":70}},"type":"binary-expr","locations":[{"start":{"line":99,"column":32},"end":{"line":99,"column":70}},{"start":{"line":99,"column":68},"end":{"line":99,"column":70}}]},"71":{"loc":{"start":{"line":99,"column":32},"end":{"line":99,"column":68}},"type":"cond-expr","locations":[{"start":{"line":99,"column":59},"end":{"line":99,"column":61}},{"start":{"line":99,"column":59},"end":{"line":99,"column":68}}]},"72":{"loc":{"start":{"line":99,"column":32},"end":{"line":99,"column":61}},"type":"binary-expr","locations":[{"start":{"line":99,"column":32},"end":{"line":99,"column":61}},{"start":{"line":99,"column":59},"end":{"line":99,"column":61}}]},"73":{"loc":{"start":{"line":99,"column":32},"end":{"line":99,"column":59}},"type":"cond-expr","locations":[{"start":{"line":99,"column":43},"end":{"line":99,"column":45}},{"start":{"line":99,"column":32},"end":{"line":99,"column":59}}]},"74":{"loc":{"start":{"line":99,"column":32},"end":{"line":99,"column":45}},"type":"binary-expr","locations":[{"start":{"line":99,"column":32},"end":{"line":99,"column":45}},{"start":{"line":99,"column":32},"end":{"line":99,"column":45}}]},"75":{"loc":{"start":{"line":108,"column":21},"end":{"line":110,"column":null}},"type":"cond-expr","locations":[{"start":{"line":108,"column":57},"end":{"line":108,"column":59}},{"start":{"line":108,"column":57},"end":{"line":110,"column":null}}]},"76":{"loc":{"start":{"line":108,"column":21},"end":{"line":108,"column":59}},"type":"binary-expr","locations":[{"start":{"line":108,"column":21},"end":{"line":108,"column":59}},{"start":{"line":108,"column":57},"end":{"line":108,"column":59}}]},"77":{"loc":{"start":{"line":108,"column":21},"end":{"line":108,"column":57}},"type":"cond-expr","locations":[{"start":{"line":108,"column":48},"end":{"line":108,"column":50}},{"start":{"line":108,"column":48},"end":{"line":108,"column":57}}]},"78":{"loc":{"start":{"line":108,"column":21},"end":{"line":108,"column":50}},"type":"binary-expr","locations":[{"start":{"line":108,"column":21},"end":{"line":108,"column":50}},{"start":{"line":108,"column":48},"end":{"line":108,"column":50}}]},"79":{"loc":{"start":{"line":108,"column":21},"end":{"line":108,"column":48}},"type":"cond-expr","locations":[{"start":{"line":108,"column":32},"end":{"line":108,"column":34}},{"start":{"line":108,"column":21},"end":{"line":108,"column":48}}]},"80":{"loc":{"start":{"line":108,"column":21},"end":{"line":108,"column":34}},"type":"binary-expr","locations":[{"start":{"line":108,"column":21},"end":{"line":108,"column":34}},{"start":{"line":108,"column":21},"end":{"line":108,"column":34}}]},"81":{"loc":{"start":{"line":118,"column":33},"end":{"line":118,"column":69}},"type":"cond-expr","locations":[{"start":{"line":118,"column":63},"end":{"line":118,"column":65}},{"start":{"line":118,"column":63},"end":{"line":118,"column":69}}]},"82":{"loc":{"start":{"line":118,"column":33},"end":{"line":118,"column":65}},"type":"binary-expr","locations":[{"start":{"line":118,"column":33},"end":{"line":118,"column":65}},{"start":{"line":118,"column":63},"end":{"line":118,"column":65}}]},"83":{"loc":{"start":{"line":118,"column":33},"end":{"line":118,"column":63}},"type":"cond-expr","locations":[{"start":{"line":118,"column":44},"end":{"line":118,"column":46}},{"start":{"line":118,"column":33},"end":{"line":118,"column":63}}]},"84":{"loc":{"start":{"line":118,"column":33},"end":{"line":118,"column":46}},"type":"binary-expr","locations":[{"start":{"line":118,"column":33},"end":{"line":118,"column":46}},{"start":{"line":118,"column":33},"end":{"line":118,"column":46}}]}},"s":{"0":1,"1":1,"2":1,"3":1,"4":1,"5":1,"6":1,"7":1,"8":1,"9":1,"10":1,"11":4,"12":3,"13":3,"14":3,"15":3,"16":3,"17":3,"18":3,"19":3,"20":3,"21":0,"22":3,"23":3,"24":3,"25":3,"26":1,"27":0,"28":1},"f":{"0":4,"1":3,"2":3,"3":3,"4":3,"5":3,"6":1,"7":0},"b":{"0":[0,3],"1":[2,1],"2":[3,2],"3":[0,3],"4":[3,3],"5":[3,1],"6":[1,0],"7":[1,1],"8":[0,1],"9":[1,1],"10":[0,1],"11":[1,1],"12":[0,1],"13":[1,1],"14":[0,1],"15":[1,1],"16":[0,1],"17":[1,1],"18":[0,1],"19":[1,1],"20":[0,1],"21":[1,1],"22":[0,1],"23":[1,1],"24":[0,1],"25":[1,1],"26":[0,1],"27":[1,1],"28":[0,1],"29":[1,1],"30":[0,1],"31":[1,1],"32":[1,0],"33":[0,1],"34":[1,1],"35":[0,1],"36":[1,1],"37":[0,1],"38":[1,1],"39":[0,1],"40":[1,1],"41":[0,1],"42":[1,1],"43":[1,0,0],"44":[0,1],"45":[1,1],"46":[0,1],"47":[1,1],"48":[0,0],"49":[0,0],"50":[0,0],"51":[0,0],"52":[0,0],"53":[0,0],"54":[0,0],"55":[0,0],"56":[0,0],"57":[0,0],"58":[0,0],"59":[0,0],"60":[0,0],"61":[0,0],"62":[0,0],"63":[0,0],"64":[0,0],"65":[0,0],"66":[0,0],"67":[0,0],"68":[0,0],"69":[0,0],"70":[0,0],"71":[0,0],"72":[0,0],"73":[0,0],"74":[0,0],"75":[1,0],"76":[1,1],"77":[0,1],"78":[1,1],"79":[0,1],"80":[1,1],"81":[2,1],"82":[3,2],"83":[0,3],"84":[3,3]}}
}
