TN:
SF:src\components\EmptyListMessage.tsx
FN:5,(anonymous_1)
FNF:1
FNH:1
FNDA:1,(anonymous_1)
DA:1,1
DA:2,1
DA:5,1
DA:6,1
DA:14,1
LF:5
LH:5
BRF:0
BRH:0
end_of_record
TN:
SF:src\components\Spinner.tsx
FN:3,(anonymous_1)
FNF:1
FNH:1
FNDA:1,(anonymous_1)
DA:1,2
DA:3,2
DA:4,1
DA:9,2
LF:4
LH:4
BRF:0
BRH:0
end_of_record
TN:
SF:src\components\movieDetail\Banner.tsx
FN:27,(anonymous_1)
FN:41,(anonymous_2)
FNF:2
FNH:2
FNDA:3,(anonymous_1)
FNDA:1,(anonymous_2)
DA:1,1
DA:2,1
DA:3,1
DA:4,1
DA:5,1
DA:6,1
DA:7,1
DA:14,1
DA:27,1
DA:29,3
DA:41,1
DA:50,1
LF:12
LH:12
BRDA:39,0,0,1
BRDA:39,0,1,2
BRDA:39,1,0,2
BRDA:39,1,1,1
BRDA:39,2,0,3
BRDA:39,2,1,3
BRDA:42,3,0,0
BRDA:42,3,1,1
BRDA:42,4,0,1
BRDA:42,4,1,1
BRDA:42,5,0,1
BRDA:42,5,1,0
BRDA:42,6,0,1
BRDA:42,6,1,1
BRDA:42,7,0,1
BRDA:42,7,1,0
BRDA:42,8,0,1
BRDA:42,8,1,1
BRDA:42,9,0,0
BRDA:42,9,1,1
BRDA:42,10,0,1
BRDA:42,10,1,1
BRF:22
BRH:18
end_of_record
TN:
SF:src\components\movieDetail\CastTable.tsx
FN:8,(anonymous_1)
FN:23,(anonymous_2)
FNF:2
FNH:1
FNDA:3,(anonymous_1)
FNDA:0,(anonymous_2)
DA:1,1
DA:2,1
DA:8,1
DA:10,3
DA:23,0
DA:42,1
LF:6
LH:5
BRDA:13,0,0,0
BRDA:13,0,1,3
BRDA:13,1,0,3
BRDA:13,1,1,0
BRDA:13,2,0,3
BRDA:13,2,1,3
BRDA:23,3,0,0
BRDA:23,3,1,0
BRDA:23,4,0,0
BRDA:23,4,1,0
BRDA:24,5,0,0
BRDA:24,5,1,0
BRDA:24,6,0,0
BRDA:24,6,1,0
BRDA:24,7,0,0
BRDA:24,7,1,0
BRDA:24,8,0,0
BRDA:24,8,1,0
BRDA:27,9,0,0
BRDA:27,9,1,0
BRDA:27,10,0,0
BRDA:27,10,1,0
BRDA:27,11,0,0
BRDA:27,11,1,0
BRDA:27,12,0,0
BRDA:27,12,1,0
BRDA:27,13,0,0
BRDA:27,13,1,0
BRDA:27,14,0,0
BRDA:27,14,1,0
BRDA:27,15,0,0
BRDA:27,15,1,0
BRDA:27,16,0,0
BRDA:27,16,1,0
BRDA:27,17,0,0
BRDA:27,17,1,0
BRDA:27,18,0,0
BRDA:27,18,1,0
BRDA:27,19,0,0
BRDA:27,19,1,0
BRDA:30,20,0,0
BRDA:30,20,1,0
BRDA:30,21,0,0
BRDA:30,21,1,0
BRDA:30,22,0,0
BRDA:30,22,1,0
BRDA:30,23,0,0
BRDA:30,23,1,0
BRDA:31,24,0,0
BRDA:31,24,1,0
BRDA:31,25,0,0
BRDA:31,25,1,0
BRDA:31,26,0,0
BRDA:31,26,1,0
BRDA:31,27,0,0
BRDA:31,27,1,0
BRF:56
BRH:4
end_of_record
TN:
SF:src\features\movies\MovieCard.tsx
FN:14,(anonymous_7)
FN:25,(anonymous_8)
FNF:2
FNH:1
FNDA:2,(anonymous_7)
FNDA:0,(anonymous_8)
DA:1,1
DA:2,1
DA:3,1
DA:14,1
DA:23,2
DA:25,2
DA:26,0
DA:29,2
DA:62,1
LF:9
LH:8
BRDA:33,0,0,2
BRDA:33,0,1,2
BRDA:46,1,0,0
BRDA:46,1,1,2
BRF:4
BRH:3
end_of_record
TN:
SF:src\features\movies\MoviesList.tsx
FN:8,(anonymous_1)
FN:11,(anonymous_2)
FN:12,(anonymous_3)
FN:23,(anonymous_4)
FN:40,oo_cm
FN:40,oo_oo
FN:40,oo_tr
FN:40,oo_ts
FN:40,oo_te
FNF:9
FNH:6
FNDA:3,(anonymous_1)
FNDA:3,(anonymous_2)
FNDA:3,(anonymous_3)
FNDA:2,(anonymous_4)
FNDA:3,oo_cm
FNDA:3,oo_oo
FNDA:0,oo_tr
FNDA:0,oo_ts
FNDA:0,oo_te
DA:1,1
DA:2,1
DA:3,1
DA:4,1
DA:5,1
DA:8,1
DA:11,3
DA:12,3
DA:14,3
DA:16,3
DA:23,2
DA:39,1
DA:40,3
LF:13
LH:13
BRDA:18,0,0,1
BRDA:18,0,1,2
BRDA:20,1,0,1
BRDA:20,1,1,1
BRDA:20,2,0,0
BRDA:20,2,1,2
BRDA:20,3,0,2
BRDA:20,3,1,2
BRDA:23,4,0,0
BRDA:23,4,1,1
BRDA:23,5,0,1
BRDA:23,5,1,1
BRDA:23,6,0,0
BRDA:23,6,1,1
BRDA:23,7,0,1
BRDA:23,7,1,1
BRDA:25,8,0,0
BRDA:25,8,1,2
BRDA:25,9,0,2
BRDA:25,9,1,2
BRDA:25,10,0,0
BRDA:25,10,1,2
BRDA:25,11,0,2
BRDA:25,11,1,2
BRDA:26,12,0,0
BRDA:26,12,1,2
BRDA:26,13,0,2
BRDA:26,13,1,2
BRDA:26,14,0,0
BRDA:26,14,1,2
BRDA:26,15,0,2
BRDA:26,15,1,2
BRDA:27,16,0,0
BRDA:27,16,1,2
BRDA:27,17,0,2
BRDA:27,17,1,2
BRDA:27,18,0,0
BRDA:27,18,1,2
BRDA:27,19,0,2
BRDA:27,19,1,2
BRDA:27,20,0,0
BRDA:27,20,1,2
BRDA:27,21,0,2
BRDA:27,21,1,2
BRDA:28,22,0,0
BRDA:28,22,1,2
BRDA:28,23,0,2
BRDA:28,23,1,2
BRDA:28,24,0,0
BRDA:28,24,1,2
BRDA:28,25,0,2
BRDA:28,25,1,2
BRDA:29,26,0,0
BRDA:29,26,1,2
BRDA:29,27,0,2
BRDA:29,27,1,2
BRDA:29,28,0,0
BRDA:29,28,1,2
BRDA:29,29,0,2
BRDA:29,29,1,2
BRDA:30,30,0,0
BRDA:30,30,1,2
BRDA:30,31,0,2
BRDA:30,31,1,2
BRDA:30,32,0,0
BRDA:30,32,1,2
BRDA:30,33,0,2
BRDA:30,33,1,2
BRDA:30,34,0,0
BRDA:30,34,1,2
BRDA:30,35,0,2
BRDA:30,35,1,2
BRDA:30,36,0,0
BRDA:30,36,1,2
BRDA:30,37,0,2
BRDA:30,37,1,2
BRDA:31,38,0,0
BRDA:31,38,1,2
BRDA:31,39,0,2
BRDA:31,39,1,2
BRDA:31,40,0,0
BRDA:31,40,1,2
BRDA:31,41,0,2
BRDA:31,41,1,2
BRDA:31,42,0,0
BRDA:31,42,1,2
BRDA:31,43,0,2
BRDA:31,43,1,2
BRDA:40,44,0,3
BRDA:40,44,1,1
BRF:90
BRH:69
end_of_record
TN:
SF:src\features\movies\moviesSlice.tsx
FN:23,(anonymous_8)
FN:23,(anonymous_9)
FN:33,(anonymous_10)
FN:33,(anonymous_11)
FN:47,(anonymous_12)
FN:51,(anonymous_13)
FN:52,(anonymous_14)
FN:55,(anonymous_15)
FNF:8
FNH:2
FNDA:0,(anonymous_8)
FNDA:0,(anonymous_9)
FNDA:4,(anonymous_10)
FNDA:4,(anonymous_11)
FNDA:0,(anonymous_12)
FNDA:0,(anonymous_13)
FNDA:0,(anonymous_14)
FNDA:0,(anonymous_15)
DA:1,1
DA:2,1
DA:16,1
DA:23,1
DA:24,0
DA:25,0
DA:26,0
DA:27,0
DA:29,0
DA:33,4
DA:34,4
DA:35,4
DA:36,4
DA:37,1
DA:39,0
DA:43,1
DA:48,0
DA:52,0
DA:53,0
DA:55,0
DA:56,0
DA:57,0
DA:62,1
DA:63,1
LF:24
LH:12
BRF:0
BRH:0
end_of_record
TN:
SF:src\features\spinner\spinnerSlice.tsx
FN:15,(anonymous_0)
FNF:1
FNH:0
FNDA:0,(anonymous_0)
DA:1,1
DA:7,1
DA:11,1
DA:16,0
DA:21,1
DA:22,1
LF:6
LH:5
BRF:0
BRH:0
end_of_record
TN:
SF:src\views\MovieDetail.tsx
FN:15,(anonymous_14)
FN:21,(anonymous_15)
FN:22,(anonymous_16)
FN:24,(anonymous_17)
FN:24,(anonymous_18)
FN:32,(anonymous_19)
FN:48,(anonymous_20)
FN:92,(anonymous_21)
FNF:8
FNH:7
FNDA:4,(anonymous_14)
FNDA:3,(anonymous_15)
FNDA:3,(anonymous_16)
FNDA:3,(anonymous_17)
FNDA:3,(anonymous_18)
FNDA:3,(anonymous_19)
FNDA:1,(anonymous_20)
FNDA:0,(anonymous_21)
DA:1,1
DA:2,1
DA:3,1
DA:4,1
DA:5,1
DA:8,1
DA:9,1
DA:10,1
DA:12,1
DA:13,1
DA:15,1
DA:17,4
DA:20,3
DA:21,3
DA:22,3
DA:24,3
DA:26,3
DA:27,3
DA:29,0
DA:32,3
DA:33,3
DA:36,3
DA:38,3
DA:48,1
DA:92,0
DA:126,1
LF:26
LH:24
BRDA:40,0,0,0
BRDA:40,0,1,3
BRDA:47,1,0,2
BRDA:47,1,1,1
BRDA:47,2,0,3
BRDA:47,2,1,2
BRDA:47,3,0,0
BRDA:47,3,1,3
BRDA:47,4,0,3
BRDA:47,4,1,3
BRDA:51,5,0,3
BRDA:51,5,1,1
BRDA:60,6,0,1
BRDA:60,6,1,0
BRDA:60,7,0,1
BRDA:60,7,1,1
BRDA:60,8,0,0
BRDA:60,8,1,1
BRDA:60,9,0,1
BRDA:60,9,1,1
BRDA:60,10,0,0
BRDA:60,10,1,1
BRDA:60,11,0,1
BRDA:60,11,1,1
BRDA:60,12,0,0
BRDA:60,12,1,1
BRDA:60,13,0,1
BRDA:60,13,1,1
BRDA:61,14,0,0
BRDA:61,14,1,1
BRDA:61,15,0,1
BRDA:61,15,1,1
BRDA:61,16,0,0
BRDA:61,16,1,1
BRDA:61,17,0,1
BRDA:61,17,1,1
BRDA:61,18,0,0
BRDA:61,18,1,1
BRDA:61,19,0,1
BRDA:61,19,1,1
BRDA:62,20,0,0
BRDA:62,20,1,1
BRDA:62,21,0,1
BRDA:62,21,1,1
BRDA:62,22,0,0
BRDA:62,22,1,1
BRDA:62,23,0,1
BRDA:62,23,1,1
BRDA:62,24,0,0
BRDA:62,24,1,1
BRDA:62,25,0,1
BRDA:62,25,1,1
BRDA:63,26,0,0
BRDA:63,26,1,1
BRDA:63,27,0,1
BRDA:63,27,1,1
BRDA:63,28,0,0
BRDA:63,28,1,1
BRDA:63,29,0,1
BRDA:63,29,1,1
BRDA:63,30,0,0
BRDA:63,30,1,1
BRDA:63,31,0,1
BRDA:63,31,1,1
BRDA:73,32,0,1
BRDA:73,32,1,0
BRDA:73,33,0,0
BRDA:73,33,1,1
BRDA:73,34,0,1
BRDA:73,34,1,1
BRDA:73,35,0,0
BRDA:73,35,1,1
BRDA:73,36,0,1
BRDA:73,36,1,1
BRDA:73,37,0,0
BRDA:73,37,1,1
BRDA:73,38,0,1
BRDA:73,38,1,1
BRDA:82,39,0,0
BRDA:82,39,1,1
BRDA:82,40,0,1
BRDA:82,40,1,1
BRDA:82,41,0,0
BRDA:82,41,1,1
BRDA:82,42,0,1
BRDA:82,42,1,1
BRDA:85,43,0,1
BRDA:85,43,1,0
BRDA:85,43,2,0
BRDA:85,44,0,0
BRDA:85,44,1,1
BRDA:85,45,0,1
BRDA:85,45,1,1
BRDA:85,46,0,0
BRDA:85,46,1,1
BRDA:85,47,0,1
BRDA:85,47,1,1
BRDA:86,48,0,0
BRDA:86,48,1,0
BRDA:86,49,0,0
BRDA:86,49,1,0
BRDA:86,50,0,0
BRDA:86,50,1,0
BRDA:86,51,0,0
BRDA:86,51,1,0
BRDA:91,52,0,0
BRDA:91,52,1,0
BRDA:91,53,0,0
BRDA:91,53,1,0
BRDA:91,54,0,0
BRDA:91,54,1,0
BRDA:91,55,0,0
BRDA:91,55,1,0
BRDA:98,56,0,0
BRDA:98,56,1,0
BRDA:98,57,0,0
BRDA:98,57,1,0
BRDA:98,58,0,0
BRDA:98,58,1,0
BRDA:98,59,0,0
BRDA:98,59,1,0
BRDA:98,60,0,0
BRDA:98,60,1,0
BRDA:98,61,0,0
BRDA:98,61,1,0
BRDA:98,62,0,0
BRDA:98,62,1,0
BRDA:98,63,0,0
BRDA:98,63,1,0
BRDA:98,64,0,0
BRDA:98,64,1,0
BRDA:98,65,0,0
BRDA:98,65,1,0
BRDA:98,66,0,0
BRDA:98,66,1,0
BRDA:99,67,0,0
BRDA:99,67,1,0
BRDA:99,68,0,0
BRDA:99,68,1,0
BRDA:99,69,0,0
BRDA:99,69,1,0
BRDA:99,70,0,0
BRDA:99,70,1,0
BRDA:99,71,0,0
BRDA:99,71,1,0
BRDA:99,72,0,0
BRDA:99,72,1,0
BRDA:99,73,0,0
BRDA:99,73,1,0
BRDA:99,74,0,0
BRDA:99,74,1,0
BRDA:108,75,0,1
BRDA:108,75,1,0
BRDA:108,76,0,1
BRDA:108,76,1,1
BRDA:108,77,0,0
BRDA:108,77,1,1
BRDA:108,78,0,1
BRDA:108,78,1,1
BRDA:108,79,0,0
BRDA:108,79,1,1
BRDA:108,80,0,1
BRDA:108,80,1,1
BRDA:118,81,0,2
BRDA:118,81,1,1
BRDA:118,82,0,3
BRDA:118,82,1,2
BRDA:118,83,0,0
BRDA:118,83,1,3
BRDA:118,84,0,3
BRDA:118,84,1,3
BRF:171
BRH:88
end_of_record
