TN:
SF:src\components\EmptyListMessage.tsx
FN:6,(anonymous_1)
FNF:1
FNH:1
FNDA:1,(anonymous_1)
DA:1,1
DA:3,1
DA:6,1
DA:7,1
DA:15,1
LF:5
LH:5
BRF:0
BRH:0
end_of_record
TN:
SF:src\components\Spinner.tsx
FN:3,(anonymous_1)
FNF:1
FNH:1
FNDA:1,(anonymous_1)
DA:1,2
DA:3,2
DA:4,1
DA:9,2
LF:4
LH:4
BRF:0
BRH:0
end_of_record
TN:
SF:src\components\movieDetail\Banner.tsx
FN:27,(anonymous_1)
FN:41,(anonymous_2)
FNF:2
FNH:2
FNDA:3,(anonymous_1)
FNDA:1,(anonymous_2)
DA:1,1
DA:2,1
DA:3,1
DA:4,1
DA:5,1
DA:6,1
DA:7,1
DA:14,1
DA:27,1
DA:29,3
DA:41,1
DA:50,1
LF:12
LH:12
BRDA:39,0,0,1
BRDA:39,0,1,2
BRDA:39,1,0,2
BRDA:39,1,1,1
BRDA:39,2,0,3
BRDA:39,2,1,3
BRDA:42,3,0,0
BRDA:42,3,1,1
BRDA:42,4,0,1
BRDA:42,4,1,1
BRDA:42,5,0,1
BRDA:42,5,1,0
BRDA:42,6,0,1
BRDA:42,6,1,1
BRDA:42,7,0,1
BRDA:42,7,1,0
BRDA:42,8,0,1
BRDA:42,8,1,1
BRDA:42,9,0,0
BRDA:42,9,1,1
BRDA:42,10,0,1
BRDA:42,10,1,1
BRF:22
BRH:18
end_of_record
TN:
SF:src\components\movieDetail\CastTable.tsx
FN:8,(anonymous_1)
FN:23,(anonymous_2)
FNF:2
FNH:1
FNDA:3,(anonymous_1)
FNDA:0,(anonymous_2)
DA:1,1
DA:2,1
DA:8,1
DA:10,3
DA:23,0
DA:42,1
LF:6
LH:5
BRDA:13,0,0,0
BRDA:13,0,1,3
BRDA:13,1,0,3
BRDA:13,1,1,0
BRDA:13,2,0,3
BRDA:13,2,1,3
BRDA:23,3,0,0
BRDA:23,3,1,0
BRDA:23,4,0,0
BRDA:23,4,1,0
BRDA:24,5,0,0
BRDA:24,5,1,0
BRDA:24,6,0,0
BRDA:24,6,1,0
BRDA:24,7,0,0
BRDA:24,7,1,0
BRDA:24,8,0,0
BRDA:24,8,1,0
BRDA:27,9,0,0
BRDA:27,9,1,0
BRDA:27,10,0,0
BRDA:27,10,1,0
BRDA:27,11,0,0
BRDA:27,11,1,0
BRDA:27,12,0,0
BRDA:27,12,1,0
BRDA:27,13,0,0
BRDA:27,13,1,0
BRDA:27,14,0,0
BRDA:27,14,1,0
BRDA:27,15,0,0
BRDA:27,15,1,0
BRDA:27,16,0,0
BRDA:27,16,1,0
BRDA:27,17,0,0
BRDA:27,17,1,0
BRDA:27,18,0,0
BRDA:27,18,1,0
BRDA:27,19,0,0
BRDA:27,19,1,0
BRDA:30,20,0,0
BRDA:30,20,1,0
BRDA:30,21,0,0
BRDA:30,21,1,0
BRDA:30,22,0,0
BRDA:30,22,1,0
BRDA:30,23,0,0
BRDA:30,23,1,0
BRDA:31,24,0,0
BRDA:31,24,1,0
BRDA:31,25,0,0
BRDA:31,25,1,0
BRDA:31,26,0,0
BRDA:31,26,1,0
BRDA:31,27,0,0
BRDA:31,27,1,0
BRF:56
BRH:4
end_of_record
TN:
SF:src\features\movies\MovieCard.tsx
FN:14,(anonymous_7)
FN:25,(anonymous_8)
FNF:2
FNH:1
FNDA:2,(anonymous_7)
FNDA:0,(anonymous_8)
DA:1,1
DA:2,1
DA:3,1
DA:14,1
DA:23,2
DA:25,2
DA:26,0
DA:29,2
DA:62,1
LF:9
LH:8
BRDA:33,0,0,2
BRDA:33,0,1,2
BRDA:46,1,0,0
BRDA:46,1,1,2
BRF:4
BRH:3
end_of_record
TN:
SF:src\features\movies\MoviesList.tsx
FN:8,(anonymous_1)
FN:9,(anonymous_2)
FN:10,(anonymous_3)
FN:19,(anonymous_4)
FNF:4
FNH:4
FNDA:3,(anonymous_1)
FNDA:3,(anonymous_2)
FNDA:3,(anonymous_3)
FNDA:2,(anonymous_4)
DA:1,1
DA:2,1
DA:3,1
DA:4,1
DA:5,1
DA:8,1
DA:9,3
DA:10,3
DA:12,3
DA:19,2
DA:35,1
LF:11
LH:11
BRDA:14,0,0,1
BRDA:14,0,1,2
BRDA:16,1,0,1
BRDA:16,1,1,1
BRDA:16,2,0,0
BRDA:16,2,1,2
BRDA:16,3,0,2
BRDA:16,3,1,2
BRDA:19,4,0,0
BRDA:19,4,1,1
BRDA:19,5,0,1
BRDA:19,5,1,1
BRDA:19,6,0,0
BRDA:19,6,1,1
BRDA:19,7,0,1
BRDA:19,7,1,1
BRDA:21,8,0,0
BRDA:21,8,1,2
BRDA:21,9,0,2
BRDA:21,9,1,2
BRDA:21,10,0,0
BRDA:21,10,1,2
BRDA:21,11,0,2
BRDA:21,11,1,2
BRDA:22,12,0,0
BRDA:22,12,1,2
BRDA:22,13,0,2
BRDA:22,13,1,2
BRDA:22,14,0,0
BRDA:22,14,1,2
BRDA:22,15,0,2
BRDA:22,15,1,2
BRDA:23,16,0,0
BRDA:23,16,1,2
BRDA:23,17,0,2
BRDA:23,17,1,2
BRDA:23,18,0,0
BRDA:23,18,1,2
BRDA:23,19,0,2
BRDA:23,19,1,2
BRDA:23,20,0,0
BRDA:23,20,1,2
BRDA:23,21,0,2
BRDA:23,21,1,2
BRDA:24,22,0,0
BRDA:24,22,1,2
BRDA:24,23,0,2
BRDA:24,23,1,2
BRDA:24,24,0,0
BRDA:24,24,1,2
BRDA:24,25,0,2
BRDA:24,25,1,2
BRDA:25,26,0,0
BRDA:25,26,1,2
BRDA:25,27,0,2
BRDA:25,27,1,2
BRDA:25,28,0,0
BRDA:25,28,1,2
BRDA:25,29,0,2
BRDA:25,29,1,2
BRDA:26,30,0,0
BRDA:26,30,1,2
BRDA:26,31,0,2
BRDA:26,31,1,2
BRDA:26,32,0,0
BRDA:26,32,1,2
BRDA:26,33,0,2
BRDA:26,33,1,2
BRDA:26,34,0,0
BRDA:26,34,1,2
BRDA:26,35,0,2
BRDA:26,35,1,2
BRDA:26,36,0,0
BRDA:26,36,1,2
BRDA:26,37,0,2
BRDA:26,37,1,2
BRDA:27,38,0,0
BRDA:27,38,1,2
BRDA:27,39,0,2
BRDA:27,39,1,2
BRDA:27,40,0,0
BRDA:27,40,1,2
BRDA:27,41,0,2
BRDA:27,41,1,2
BRDA:27,42,0,0
BRDA:27,42,1,2
BRDA:27,43,0,2
BRDA:27,43,1,2
BRF:88
BRH:67
end_of_record
TN:
SF:src\features\movies\moviesSlice.tsx
FN:18,(anonymous_8)
FN:18,(anonymous_9)
FN:28,(anonymous_10)
FN:28,(anonymous_11)
FN:42,(anonymous_12)
FN:46,(anonymous_13)
FN:47,(anonymous_14)
FN:50,(anonymous_15)
FNF:8
FNH:2
FNDA:0,(anonymous_8)
FNDA:0,(anonymous_9)
FNDA:4,(anonymous_10)
FNDA:4,(anonymous_11)
FNDA:0,(anonymous_12)
FNDA:0,(anonymous_13)
FNDA:0,(anonymous_14)
FNDA:0,(anonymous_15)
DA:1,1
DA:2,1
DA:11,1
DA:18,1
DA:19,0
DA:20,0
DA:21,0
DA:22,0
DA:24,0
DA:28,4
DA:29,4
DA:30,4
DA:31,4
DA:32,1
DA:34,0
DA:38,1
DA:43,0
DA:47,0
DA:48,0
DA:50,0
DA:51,0
DA:52,0
DA:57,1
DA:58,1
LF:24
LH:12
BRF:0
BRH:0
end_of_record
TN:
SF:src\features\spinner\spinnerSlice.tsx
FN:15,(anonymous_0)
FNF:1
FNH:0
FNDA:0,(anonymous_0)
DA:1,1
DA:7,1
DA:11,1
DA:16,0
DA:21,1
DA:22,1
LF:6
LH:5
BRF:0
BRH:0
end_of_record
TN:
SF:src\views\MovieDetail.tsx
FN:15,(anonymous_14)
FN:19,(anonymous_15)
FN:20,(anonymous_16)
FN:22,(anonymous_17)
FN:22,(anonymous_18)
FN:28,(anonymous_19)
FN:42,(anonymous_20)
FN:86,(anonymous_21)
FNF:8
FNH:7
FNDA:4,(anonymous_14)
FNDA:3,(anonymous_15)
FNDA:3,(anonymous_16)
FNDA:3,(anonymous_17)
FNDA:3,(anonymous_18)
FNDA:3,(anonymous_19)
FNDA:1,(anonymous_20)
FNDA:0,(anonymous_21)
DA:1,1
DA:2,1
DA:3,1
DA:4,1
DA:5,1
DA:8,1
DA:9,1
DA:10,1
DA:12,1
DA:13,1
DA:15,1
DA:16,4
DA:18,3
DA:19,3
DA:20,3
DA:22,3
DA:23,3
DA:24,3
DA:25,0
DA:28,3
DA:29,3
DA:32,3
DA:42,1
DA:86,0
DA:120,1
LF:25
LH:23
BRDA:34,0,0,0
BRDA:34,0,1,3
BRDA:41,1,0,2
BRDA:41,1,1,1
BRDA:41,2,0,3
BRDA:41,2,1,2
BRDA:41,3,0,0
BRDA:41,3,1,3
BRDA:41,4,0,3
BRDA:41,4,1,3
BRDA:45,5,0,3
BRDA:45,5,1,1
BRDA:54,6,0,1
BRDA:54,6,1,0
BRDA:54,7,0,1
BRDA:54,7,1,1
BRDA:54,8,0,0
BRDA:54,8,1,1
BRDA:54,9,0,1
BRDA:54,9,1,1
BRDA:54,10,0,0
BRDA:54,10,1,1
BRDA:54,11,0,1
BRDA:54,11,1,1
BRDA:54,12,0,0
BRDA:54,12,1,1
BRDA:54,13,0,1
BRDA:54,13,1,1
BRDA:55,14,0,0
BRDA:55,14,1,1
BRDA:55,15,0,1
BRDA:55,15,1,1
BRDA:55,16,0,0
BRDA:55,16,1,1
BRDA:55,17,0,1
BRDA:55,17,1,1
BRDA:55,18,0,0
BRDA:55,18,1,1
BRDA:55,19,0,1
BRDA:55,19,1,1
BRDA:56,20,0,0
BRDA:56,20,1,1
BRDA:56,21,0,1
BRDA:56,21,1,1
BRDA:56,22,0,0
BRDA:56,22,1,1
BRDA:56,23,0,1
BRDA:56,23,1,1
BRDA:56,24,0,0
BRDA:56,24,1,1
BRDA:56,25,0,1
BRDA:56,25,1,1
BRDA:57,26,0,0
BRDA:57,26,1,1
BRDA:57,27,0,1
BRDA:57,27,1,1
BRDA:57,28,0,0
BRDA:57,28,1,1
BRDA:57,29,0,1
BRDA:57,29,1,1
BRDA:57,30,0,0
BRDA:57,30,1,1
BRDA:57,31,0,1
BRDA:57,31,1,1
BRDA:67,32,0,1
BRDA:67,32,1,0
BRDA:67,33,0,0
BRDA:67,33,1,1
BRDA:67,34,0,1
BRDA:67,34,1,1
BRDA:67,35,0,0
BRDA:67,35,1,1
BRDA:67,36,0,1
BRDA:67,36,1,1
BRDA:67,37,0,0
BRDA:67,37,1,1
BRDA:67,38,0,1
BRDA:67,38,1,1
BRDA:76,39,0,0
BRDA:76,39,1,1
BRDA:76,40,0,1
BRDA:76,40,1,1
BRDA:76,41,0,0
BRDA:76,41,1,1
BRDA:76,42,0,1
BRDA:76,42,1,1
BRDA:79,43,0,1
BRDA:79,43,1,0
BRDA:79,43,2,0
BRDA:79,44,0,0
BRDA:79,44,1,1
BRDA:79,45,0,1
BRDA:79,45,1,1
BRDA:79,46,0,0
BRDA:79,46,1,1
BRDA:79,47,0,1
BRDA:79,47,1,1
BRDA:80,48,0,0
BRDA:80,48,1,0
BRDA:80,49,0,0
BRDA:80,49,1,0
BRDA:80,50,0,0
BRDA:80,50,1,0
BRDA:80,51,0,0
BRDA:80,51,1,0
BRDA:85,52,0,0
BRDA:85,52,1,0
BRDA:85,53,0,0
BRDA:85,53,1,0
BRDA:85,54,0,0
BRDA:85,54,1,0
BRDA:85,55,0,0
BRDA:85,55,1,0
BRDA:92,56,0,0
BRDA:92,56,1,0
BRDA:92,57,0,0
BRDA:92,57,1,0
BRDA:92,58,0,0
BRDA:92,58,1,0
BRDA:92,59,0,0
BRDA:92,59,1,0
BRDA:92,60,0,0
BRDA:92,60,1,0
BRDA:92,61,0,0
BRDA:92,61,1,0
BRDA:92,62,0,0
BRDA:92,62,1,0
BRDA:92,63,0,0
BRDA:92,63,1,0
BRDA:92,64,0,0
BRDA:92,64,1,0
BRDA:92,65,0,0
BRDA:92,65,1,0
BRDA:92,66,0,0
BRDA:92,66,1,0
BRDA:93,67,0,0
BRDA:93,67,1,0
BRDA:93,68,0,0
BRDA:93,68,1,0
BRDA:93,69,0,0
BRDA:93,69,1,0
BRDA:93,70,0,0
BRDA:93,70,1,0
BRDA:93,71,0,0
BRDA:93,71,1,0
BRDA:93,72,0,0
BRDA:93,72,1,0
BRDA:93,73,0,0
BRDA:93,73,1,0
BRDA:93,74,0,0
BRDA:93,74,1,0
BRDA:102,75,0,1
BRDA:102,75,1,0
BRDA:102,76,0,1
BRDA:102,76,1,1
BRDA:102,77,0,0
BRDA:102,77,1,1
BRDA:102,78,0,1
BRDA:102,78,1,1
BRDA:102,79,0,0
BRDA:102,79,1,1
BRDA:102,80,0,1
BRDA:102,80,1,1
BRDA:112,81,0,2
BRDA:112,81,1,1
BRDA:112,82,0,3
BRDA:112,82,1,2
BRDA:112,83,0,0
BRDA:112,83,1,3
BRDA:112,84,0,3
BRDA:112,84,1,3
BRF:171
BRH:88
end_of_record
